--------------------------------------
07-09-2005 13:41:38 DXGame Engine V1.7.4
07-09-2005 13:41:38 Session: Start
07-09-2005 13:41:38 Initializing Screen: 640x480 16 bit color depth
07-09-2005 13:41:38 D3DCREATE_HARDWARE_VERTEXPROCESSING: Enabled
07-09-2005 13:41:38 D3DCREATE_PUREDEVICE: Enabled
07-09-2005 13:41:39 Initializing Direct Sound
07-09-2005 13:41:39 Initializing Direct Music
07-09-2005 13:41:39 Initializing Direct Input
07-09-2005 13:42:03 Terminating DXGame Engine Session
07-09-2005 13:42:03 Session: End
--------------------------------------
07-09-2005 13:42:24 DXGame Engine V1.7.4
07-09-2005 13:42:24 Session: Start
07-09-2005 13:42:24 Initializing Screen: 640x480 16 bit color depth
07-09-2005 13:42:24 D3DCREATE_HARDWARE_VERTEXPROCESSING: Enabled
07-09-2005 13:42:24 D3DCREATE_PUREDEVICE: Enabled
07-09-2005 13:42:25 Initializing Direct Sound
07-09-2005 13:42:25 Initializing Direct Music
07-09-2005 13:42:25 Initializing Direct Input
07-09-2005 13:42:41 Terminating DXGame Engine Session
07-09-2005 13:42:41 Session: End
--------------------------------------
07-09-2005 13:43:00 DXGame Engine V1.7.4
07-09-2005 13:43:00 Session: Start
07-09-2005 13:43:00 Initializing Screen: 640x480 16 bit color depth
07-09-2005 13:43:00 D3DCREATE_HARDWARE_VERTEXPROCESSING: Enabled
07-09-2005 13:43:00 D3DCREATE_PUREDEVICE: Enabled
07-09-2005 13:43:01 Initializing Direct Sound
07-09-2005 13:43:01 Initializing Direct Music
07-09-2005 13:43:01 Initializing Direct Input
07-09-2005 13:44:25 Terminating DXGame Engine Session
07-09-2005 13:44:25 Session: End
--------------------------------------
07-09-2005 13:47:00 DXGame Engine V1.7.4
07-09-2005 13:47:00 Session: Start
07-09-2005 13:47:00 Initializing Screen: 640x480 16 bit color depth
07-09-2005 13:47:00 D3DCREATE_HARDWARE_VERTEXPROCESSING: Enabled
07-09-2005 13:47:00 D3DCREATE_PUREDEVICE: Enabled
07-09-2005 13:47:01 Initializing Direct Sound
07-09-2005 13:47:01 Initializing Direct Music
07-09-2005 13:47:01 Initializing Direct Input
07-09-2005 13:48:00 Terminating DXGame Engine Session
07-09-2005 13:48:00 Session: End
--------------------------------------
07-09-2005 13:48:40 DXGame Engine V1.7.4
07-09-2005 13:48:40 Session: Start
07-09-2005 13:48:40 Initializing Screen: 640x480 16 bit color depth
07-09-2005 13:48:40 D3DCREATE_HARDWARE_VERTEXPROCESSING: Enabled
07-09-2005 13:48:40 D3DCREATE_PUREDEVICE: Enabled
07-09-2005 13:48:41 Initializing Direct Sound
07-09-2005 13:48:41 Initializing Direct Music
07-09-2005 13:48:41 Initializing Direct Input
07-09-2005 13:49:34 Terminating DXGame Engine Session
07-09-2005 13:49:35 Session: End
--------------------------------------
07-09-2005 13:53:38 DXGame Engine V1.7.4
07-09-2005 13:53:38 Session: Start
07-09-2005 13:53:38 Initializing Screen: 640x480 16 bit color depth
07-09-2005 13:53:38 D3DCREATE_HARDWARE_VERTEXPROCESSING: Enabled
07-09-2005 13:53:38 D3DCREATE_PUREDEVICE: Enabled
07-09-2005 13:53:39 Initializing Direct Sound
07-09-2005 13:53:40 Initializing Direct Music
07-09-2005 13:53:40 Initializing Direct Input
07-09-2005 13:54:17 Terminating DXGame Engine Session
07-09-2005 13:54:17 Session: End
--------------------------------------
07-09-2005 13:55:01 DXGame Engine V1.7.4
07-09-2005 13:55:01 Session: Start
07-09-2005 13:55:01 Initializing Screen: 640x480 16 bit color depth
07-09-2005 13:55:01 D3DCREATE_HARDWARE_VERTEXPROCESSING: Enabled
07-09-2005 13:55:01 D3DCREATE_PUREDEVICE: Enabled
07-09-2005 13:55:02 Initializing Direct Sound
07-09-2005 13:55:02 Initializing Direct Music
07-09-2005 13:55:02 Initializing Direct Input
07-09-2005 13:55:35 Terminating DXGame Engine Session
07-09-2005 13:55:35 Session: End
--------------------------------------
07-09-2005 13:56:23 DXGame Engine V1.7.4
07-09-2005 13:56:23 Session: Start
07-09-2005 13:56:23 Initializing Screen: 640x480 16 bit color depth
07-09-2005 13:56:23 D3DCREATE_HARDWARE_VERTEXPROCESSING: Enabled
07-09-2005 13:56:23 D3DCREATE_PUREDEVICE: Enabled
07-09-2005 13:56:24 Initializing Direct Sound
07-09-2005 13:56:24 Initializing Direct Music
07-09-2005 13:56:24 Initializing Direct Input
--------------------------------------
07-09-2005 13:58:54 DXGame Engine V1.7.4
07-09-2005 13:58:54 Session: Start
07-09-2005 13:58:54 Initializing Screen: 640x480 16 bit color depth
07-09-2005 13:58:54 D3DCREATE_HARDWARE_VERTEXPROCESSING: Enabled
07-09-2005 13:58:54 D3DCREATE_PUREDEVICE: Enabled
07-09-2005 13:58:55 Initializing Direct Sound
07-09-2005 13:58:55 Initializing Direct Music
07-09-2005 13:58:55 Initializing Direct Input
--------------------------------------
07-10-2005 10:46:08 DXGame Engine V1.7.4
07-10-2005 10:46:08 Session: Start
07-10-2005 10:46:08 Initializing Screen: 640x480 16 bit color depth
07-10-2005 10:46:08 D3DCREATE_HARDWARE_VERTEXPROCESSING: Enabled
07-10-2005 10:46:08 D3DCREATE_PUREDEVICE: Enabled
07-10-2005 10:46:09 Initializing Direct Sound
07-10-2005 10:46:09 Initializing Direct Music
07-10-2005 10:46:09 Initializing Direct Input
--------------------------------------
07-10-2005 10:46:46 DXGame Engine V1.7.4
07-10-2005 10:46:46 Session: Start
07-10-2005 10:46:46 Initializing Screen: 640x480 16 bit color depth
07-10-2005 10:46:46 D3DCREATE_HARDWARE_VERTEXPROCESSING: Enabled
07-10-2005 10:46:46 D3DCREATE_PUREDEVICE: Enabled
07-10-2005 10:46:46 Initializing Direct Sound
07-10-2005 10:46:47 Initializing Direct Music
07-10-2005 10:46:47 Initializing Direct Input
--------------------------------------
07-10-2005 10:48:42 DXGame Engine V1.7.4
07-10-2005 10:48:42 Session: Start
07-10-2005 10:48:42 Initializing Windowed Mode: 640x480
07-10-2005 10:48:42 D3DCREATE_HARDWARE_VERTEXPROCESSING: Enabled
07-10-2005 10:48:42 D3DCREATE_PUREDEVICE: Enabled
07-10-2005 10:48:42 Initializing Direct Sound
07-10-2005 10:48:42 Initializing Direct Music
07-10-2005 10:48:42 Initializing Direct Input
--------------------------------------
07-10-2005 10:49:02 DXGame Engine V1.7.4
07-10-2005 10:49:02 Session: Start
07-10-2005 10:49:02 Initializing Windowed Mode: 640x480
07-10-2005 10:49:02 D3DCREATE_HARDWARE_VERTEXPROCESSING: Enabled
07-10-2005 10:49:02 D3DCREATE_PUREDEVICE: Enabled
07-10-2005 10:49:02 Initializing Direct Sound
07-10-2005 10:49:02 Initializing Direct Music
07-10-2005 10:49:02 Initializing Direct Input
--------------------------------------
07-10-2005 10:49:14 DXGame Engine V1.7.4
07-10-2005 10:49:14 Session: Start
07-10-2005 10:49:14 Initializing Windowed Mode: 640x480
07-10-2005 10:49:14 D3DCREATE_HARDWARE_VERTEXPROCESSING: Enabled
07-10-2005 10:49:14 D3DCREATE_PUREDEVICE: Enabled
07-10-2005 10:49:14 Initializing Direct Sound
07-10-2005 10:49:14 Initializing Direct Music
07-10-2005 10:49:14 Initializing Direct Input
07-10-2005 10:51:11 Terminating DXGame Engine Session
07-10-2005 10:51:11 Session: End
--------------------------------------
07-10-2005 11:06:05 DXGame Engine V1.7.4
07-10-2005 11:06:05 Session: Start
07-10-2005 11:06:05 Initializing Windowed Mode: 640x480
07-10-2005 11:06:05 D3DCREATE_HARDWARE_VERTEXPROCESSING: Enabled
07-10-2005 11:06:05 D3DCREATE_PUREDEVICE: Enabled
07-10-2005 11:06:05 Initializing Direct Sound
07-10-2005 11:06:05 Initializing Direct Music
07-10-2005 11:06:05 Initializing Direct Input
--------------------------------------
07-10-2005 11:06:06 Error: (Map.InitMapFile)
07-10-2005 11:06:06 Path=C:\Dev\TankWars\bin\
07-10-2005 11:06:06 Filename=SmallMap1.map
07-10-2005 11:06:06 Source: 
07-10-2005 11:06:06 Number: 0
07-10-2005 11:06:06 Description: 
--------------------------------------
07-10-2005 11:06:27 DXGame Engine V1.7.4
07-10-2005 11:06:27 Session: Start
07-10-2005 11:06:27 Initializing Windowed Mode: 640x480
07-10-2005 11:06:27 D3DCREATE_HARDWARE_VERTEXPROCESSING: Enabled
07-10-2005 11:06:27 D3DCREATE_PUREDEVICE: Enabled
07-10-2005 11:06:27 Initializing Direct Sound
07-10-2005 11:06:27 Initializing Direct Music
07-10-2005 11:06:27 Initializing Direct Input
--------------------------------------
07-10-2005 11:06:38 Error: (Map.InitMapFile)
07-10-2005 11:06:38 Path=C:\Dev\TankWars\bin\
07-10-2005 11:06:38 Filename=SmallMap1.map
07-10-2005 11:06:38 Source: 
07-10-2005 11:06:38 Number: 0
07-10-2005 11:06:38 Description: 
--------------------------------------
07-10-2005 11:07:09 DXGame Engine V1.7.4
07-10-2005 11:07:09 Session: Start
07-10-2005 11:07:09 Initializing Windowed Mode: 640x480
07-10-2005 11:07:09 D3DCREATE_HARDWARE_VERTEXPROCESSING: Enabled
07-10-2005 11:07:09 D3DCREATE_PUREDEVICE: Enabled
07-10-2005 11:07:09 Initializing Direct Sound
07-10-2005 11:07:09 Initializing Direct Music
07-10-2005 11:07:09 Initializing Direct Input
--------------------------------------
07-10-2005 11:07:11 Error: (Map.InitMapFile)
07-10-2005 11:07:11 Path=C:\Dev\TankWars\bin\
07-10-2005 11:07:11 Filename=SmallMap1.map
07-10-2005 11:07:11 Source: 
07-10-2005 11:07:11 Number: 0
07-10-2005 11:07:11 Description: 
--------------------------------------
07-10-2005 11:07:27 DXGame Engine V1.7.4
07-10-2005 11:07:27 Session: Start
07-10-2005 11:07:27 Initializing Windowed Mode: 640x480
07-10-2005 11:07:27 D3DCREATE_HARDWARE_VERTEXPROCESSING: Enabled
07-10-2005 11:07:27 D3DCREATE_PUREDEVICE: Enabled
07-10-2005 11:07:27 Initializing Direct Sound
07-10-2005 11:07:27 Initializing Direct Music
07-10-2005 11:07:27 Initializing Direct Input
--------------------------------------
07-10-2005 11:07:29 Error: (Map.InitMapFile)
07-10-2005 11:07:29 Path=C:\Dev\TankWars\bin\
07-10-2005 11:07:29 Filename=SmallMap1.map
07-10-2005 11:07:29 Source: 
07-10-2005 11:07:29 Number: 0
07-10-2005 11:07:29 Description: 
--------------------------------------
07-10-2005 11:08:27 DXGame Engine V1.7.4
07-10-2005 11:08:27 Session: Start
07-10-2005 11:08:27 Initializing Windowed Mode: 640x480
07-10-2005 11:08:27 D3DCREATE_HARDWARE_VERTEXPROCESSING: Enabled
07-10-2005 11:08:27 D3DCREATE_PUREDEVICE: Enabled
07-10-2005 11:08:27 Initializing Direct Sound
07-10-2005 11:08:27 Initializing Direct Music
07-10-2005 11:08:27 Initializing Direct Input
--------------------------------------
07-10-2005 11:09:15 Error: (Map.InitMapFile)
07-10-2005 11:09:15 Path=C:\Dev\TankWars\bin\
07-10-2005 11:09:15 Filename=SmallMap1.map
07-10-2005 11:09:15 Source: 
07-10-2005 11:09:15 Number: 0
07-10-2005 11:09:15 Description: 
--------------------------------------
07-10-2005 11:32:35 DXGame Engine V1.7.4
07-10-2005 11:32:35 Session: Start
07-10-2005 11:32:35 Initializing Windowed Mode: 640x480
07-10-2005 11:32:35 D3DCREATE_HARDWARE_VERTEXPROCESSING: Enabled
07-10-2005 11:32:35 D3DCREATE_PUREDEVICE: Enabled
07-10-2005 11:32:35 Initializing Direct Sound
07-10-2005 11:32:35 Initializing Direct Music
07-10-2005 11:32:35 Initializing Direct Input
07-10-2005 11:33:49 Terminating DXGame Engine Session
07-10-2005 11:33:49 Session: End
--------------------------------------
07-10-2005 11:34:08 DXGame Engine V1.7.4
07-10-2005 11:34:08 Session: Start
07-10-2005 11:34:08 Initializing Windowed Mode: 640x480
07-10-2005 11:34:08 D3DCREATE_HARDWARE_VERTEXPROCESSING: Enabled
07-10-2005 11:34:08 D3DCREATE_PUREDEVICE: Enabled
07-10-2005 11:34:08 Initializing Direct Sound
07-10-2005 11:34:09 Initializing Direct Music
07-10-2005 11:34:09 Initializing Direct Input
07-10-2005 11:49:41 Device lost. Attempting full restore.
07-10-2005 11:49:41 Initializing Windowed Mode: 640x480
07-10-2005 11:49:41 D3DCREATE_HARDWARE_VERTEXPROCESSING: Enabled
07-10-2005 11:49:41 D3DCREATE_PUREDEVICE: Enabled
07-10-2005 11:49:41 Initializing Direct Input
07-10-2005 11:49:41 Device restored ok.
07-10-2005 11:50:31 Terminating DXGame Engine Session
07-10-2005 11:50:31 Session: End
--------------------------------------
07-10-2005 11:57:21 DXGame Engine V1.7.4
07-10-2005 11:57:21 Session: Start
07-10-2005 11:57:21 Initializing Windowed Mode: 640x480
07-10-2005 11:57:21 D3DCREATE_HARDWARE_VERTEXPROCESSING: Enabled
07-10-2005 11:57:21 D3DCREATE_PUREDEVICE: Enabled
07-10-2005 11:57:21 Initializing Direct Sound
07-10-2005 11:57:21 Initializing Direct Music
07-10-2005 11:57:21 Initializing Direct Input
--------------------------------------
07-10-2005 11:58:05 DXGame Engine V1.7.4
07-10-2005 11:58:05 Session: Start
07-10-2005 11:58:05 Initializing Windowed Mode: 640x480
07-10-2005 11:58:05 D3DCREATE_HARDWARE_VERTEXPROCESSING: Enabled
07-10-2005 11:58:05 D3DCREATE_PUREDEVICE: Enabled
07-10-2005 11:58:05 Initializing Direct Sound
07-10-2005 11:58:05 Initializing Direct Music
07-10-2005 11:58:05 Initializing Direct Input
07-10-2005 11:58:21 Terminating DXGame Engine Session
07-10-2005 11:58:21 Session: End
--------------------------------------
07-10-2005 12:02:13 DXGame Engine V1.7.4
07-10-2005 12:02:13 Session: Start
07-10-2005 12:02:13 Initializing Windowed Mode: 640x480
07-10-2005 12:02:13 D3DCREATE_HARDWARE_VERTEXPROCESSING: Enabled
07-10-2005 12:02:13 D3DCREATE_PUREDEVICE: Enabled
07-10-2005 12:02:13 Initializing Direct Sound
07-10-2005 12:02:13 Initializing Direct Music
07-10-2005 12:02:13 Initializing Direct Input
--------------------------------------
07-10-2005 12:05:55 DXGame Engine V1.7.4
07-10-2005 12:05:55 Session: Start
07-10-2005 12:05:55 Initializing Windowed Mode: 640x480
07-10-2005 12:05:55 D3DCREATE_HARDWARE_VERTEXPROCESSING: Enabled
07-10-2005 12:05:55 D3DCREATE_PUREDEVICE: Enabled
07-10-2005 12:05:55 Initializing Direct Sound
07-10-2005 12:05:55 Initializing Direct Music
07-10-2005 12:05:55 Initializing Direct Input
07-10-2005 12:05:58 Terminating DXGame Engine Session
07-10-2005 12:05:58 Session: End
--------------------------------------
07-10-2005 12:37:36 DXGame Engine V1.7.4
07-10-2005 12:37:36 Session: Start
07-10-2005 12:37:36 Initializing Windowed Mode: 640x480
07-10-2005 12:37:36 D3DCREATE_HARDWARE_VERTEXPROCESSING: Enabled
07-10-2005 12:37:36 D3DCREATE_PUREDEVICE: Enabled
07-10-2005 12:37:36 Initializing Direct Sound
07-10-2005 12:37:36 Initializing Direct Music
07-10-2005 12:37:37 Initializing Direct Input
07-10-2005 12:37:51 Terminating DXGame Engine Session
07-10-2005 12:37:51 Session: End
--------------------------------------
07-10-2005 12:40:38 DXGame Engine V1.7.4
07-10-2005 12:40:38 Session: Start
07-10-2005 12:40:38 Initializing Windowed Mode: 640x480
07-10-2005 12:40:38 D3DCREATE_HARDWARE_VERTEXPROCESSING: Enabled
07-10-2005 12:40:38 D3DCREATE_PUREDEVICE: Enabled
07-10-2005 12:40:38 Initializing Direct Sound
07-10-2005 12:40:38 Initializing Direct Music
07-10-2005 12:40:38 Initializing Direct Input
07-10-2005 12:42:00 Terminating DXGame Engine Session
07-10-2005 12:42:00 Session: End
--------------------------------------
07-10-2005 12:44:15 DXGame Engine V1.7.4
07-10-2005 12:44:15 Session: Start
07-10-2005 12:44:15 Initializing Windowed Mode: 640x480
07-10-2005 12:44:15 D3DCREATE_HARDWARE_VERTEXPROCESSING: Enabled
07-10-2005 12:44:15 D3DCREATE_PUREDEVICE: Enabled
07-10-2005 12:44:15 Initializing Direct Sound
07-10-2005 12:44:15 Initializing Direct Music
07-10-2005 12:44:15 Initializing Direct Input
07-10-2005 12:44:38 Terminating DXGame Engine Session
07-10-2005 12:44:38 Session: End
--------------------------------------
07-10-2005 12:45:06 DXGame Engine V1.7.4
07-10-2005 12:45:06 Session: Start
07-10-2005 12:45:06 Initializing Windowed Mode: 640x480
07-10-2005 12:45:06 D3DCREATE_HARDWARE_VERTEXPROCESSING: Enabled
07-10-2005 12:45:06 D3DCREATE_PUREDEVICE: Enabled
07-10-2005 12:45:06 Initializing Direct Sound
07-10-2005 12:45:06 Initializing Direct Music
07-10-2005 12:45:06 Initializing Direct Input
07-10-2005 12:45:52 Terminating DXGame Engine Session
07-10-2005 12:45:52 Session: End
--------------------------------------
07-10-2005 12:50:09 DXGame Engine V1.7.4
07-10-2005 12:50:09 Session: Start
07-10-2005 12:50:09 Initializing Windowed Mode: 640x480
07-10-2005 12:50:09 D3DCREATE_HARDWARE_VERTEXPROCESSING: Enabled
07-10-2005 12:50:09 D3DCREATE_PUREDEVICE: Enabled
07-10-2005 12:50:09 Initializing Direct Sound
07-10-2005 12:50:09 Initializing Direct Music
07-10-2005 12:50:09 Initializing Direct Input
--------------------------------------
07-10-2005 12:50:27 DXGame Engine V1.7.4
07-10-2005 12:50:27 Session: Start
07-10-2005 12:50:27 Initializing Windowed Mode: 640x480
07-10-2005 12:50:27 D3DCREATE_HARDWARE_VERTEXPROCESSING: Enabled
07-10-2005 12:50:27 D3DCREATE_PUREDEVICE: Enabled
07-10-2005 12:50:27 Initializing Direct Sound
07-10-2005 12:50:27 Initializing Direct Music
07-10-2005 12:50:27 Initializing Direct Input
07-10-2005 12:51:11 Terminating DXGame Engine Session
07-10-2005 12:51:11 Session: End
--------------------------------------
07-10-2005 13:03:04 DXGame Engine V1.7.4
07-10-2005 13:03:04 Session: Start
07-10-2005 13:03:04 Initializing Windowed Mode: 640x480
07-10-2005 13:03:04 D3DCREATE_HARDWARE_VERTEXPROCESSING: Enabled
07-10-2005 13:03:04 D3DCREATE_PUREDEVICE: Enabled
07-10-2005 13:03:04 Initializing Direct Sound
07-10-2005 13:03:04 Initializing Direct Music
07-10-2005 13:03:04 Initializing Direct Input
07-10-2005 13:03:43 Terminating DXGame Engine Session
07-10-2005 13:03:43 Session: End
--------------------------------------
07-10-2005 13:04:05 DXGame Engine V1.7.4
07-10-2005 13:04:05 Session: Start
07-10-2005 13:04:05 Initializing Windowed Mode: 640x480
07-10-2005 13:04:05 D3DCREATE_HARDWARE_VERTEXPROCESSING: Enabled
07-10-2005 13:04:05 D3DCREATE_PUREDEVICE: Enabled
07-10-2005 13:04:05 Initializing Direct Sound
07-10-2005 13:04:05 Initializing Direct Music
07-10-2005 13:04:05 Initializing Direct Input
07-10-2005 13:05:08 Terminating DXGame Engine Session
07-10-2005 13:05:08 Session: End
--------------------------------------
07-10-2005 13:11:46 DXGame Engine V1.7.4
07-10-2005 13:11:46 Session: Start
07-10-2005 13:11:46 Initializing Windowed Mode: 640x480
07-10-2005 13:11:46 D3DCREATE_HARDWARE_VERTEXPROCESSING: Enabled
07-10-2005 13:11:46 D3DCREATE_PUREDEVICE: Enabled
07-10-2005 13:11:46 Initializing Direct Sound
07-10-2005 13:11:46 Initializing Direct Music
07-10-2005 13:11:46 Initializing Direct Input
07-10-2005 13:12:38 Terminating DXGame Engine Session
07-10-2005 13:12:38 Session: End
--------------------------------------
07-10-2005 13:12:57 DXGame Engine V1.7.4
07-10-2005 13:12:57 Session: Start
07-10-2005 13:12:57 Initializing Windowed Mode: 640x480
07-10-2005 13:12:57 D3DCREATE_HARDWARE_VERTEXPROCESSING: Enabled
07-10-2005 13:12:57 D3DCREATE_PUREDEVICE: Enabled
07-10-2005 13:12:57 Initializing Direct Sound
07-10-2005 13:12:57 Initializing Direct Music
07-10-2005 13:12:57 Initializing Direct Input
07-10-2005 13:13:53 Terminating DXGame Engine Session
07-10-2005 13:13:53 Session: End
--------------------------------------
07-10-2005 13:15:30 DXGame Engine V1.7.4
07-10-2005 13:15:30 Session: Start
07-10-2005 13:15:30 Initializing Windowed Mode: 640x480
07-10-2005 13:15:30 D3DCREATE_HARDWARE_VERTEXPROCESSING: Enabled
07-10-2005 13:15:30 D3DCREATE_PUREDEVICE: Enabled
07-10-2005 13:15:30 Initializing Direct Sound
07-10-2005 13:15:30 Initializing Direct Music
07-10-2005 13:15:30 Initializing Direct Input
07-10-2005 13:16:20 Terminating DXGame Engine Session
07-10-2005 13:16:20 Session: End
--------------------------------------
07-10-2005 13:17:58 DXGame Engine V1.7.4
07-10-2005 13:17:58 Session: Start
07-10-2005 13:17:58 Initializing Screen: 800x600 16 bit color depth
07-10-2005 13:17:58 D3DCREATE_HARDWARE_VERTEXPROCESSING: Enabled
07-10-2005 13:17:58 D3DCREATE_PUREDEVICE: Enabled
--------------------------------------
07-10-2005 13:17:58 Error: (init_device)
07-10-2005 13:17:58 Source: 
07-10-2005 13:17:58 Number: 0
07-10-2005 13:17:58 Description: 
07-10-2005 13:17:58 Device Init Failed
--------------------------------------
07-10-2005 13:17:58 Error: (Init)
07-10-2005 13:17:58 Source: 
07-10-2005 13:17:58 Number: 0
07-10-2005 13:17:58 Description: 
07-10-2005 13:17:59 Terminating DXGame Engine Session
07-10-2005 13:18:00 Session: End
--------------------------------------
07-10-2005 13:18:17 DXGame Engine V1.7.4
07-10-2005 13:18:17 Session: Start
07-10-2005 13:18:17 Initializing Screen: 800x600 16 bit color depth
07-10-2005 13:18:17 D3DCREATE_HARDWARE_VERTEXPROCESSING: Enabled
07-10-2005 13:18:17 D3DCREATE_PUREDEVICE: Enabled
07-10-2005 13:18:17 Initializing Direct Sound
07-10-2005 13:18:18 Initializing Direct Music
07-10-2005 13:18:18 Initializing Direct Input
07-10-2005 13:19:21 Terminating DXGame Engine Session
07-10-2005 13:19:22 Session: End
--------------------------------------
07-10-2005 13:20:30 DXGame Engine V1.7.4
07-10-2005 13:20:30 Session: Start
07-10-2005 13:20:30 Initializing Screen: 800x600 16 bit color depth
07-10-2005 13:20:30 D3DCREATE_HARDWARE_VERTEXPROCESSING: Enabled
07-10-2005 13:20:30 D3DCREATE_PUREDEVICE: Enabled
07-10-2005 13:20:30 Initializing Direct Sound
07-10-2005 13:20:31 Initializing Direct Music
07-10-2005 13:20:31 Initializing Direct Input
07-10-2005 13:20:52 Terminating DXGame Engine Session
07-10-2005 13:20:53 Session: End
--------------------------------------
07-10-2005 13:23:19 DXGame Engine V1.7.4
07-10-2005 13:23:19 Session: Start
07-10-2005 13:23:19 Initializing Screen: 800x600 16 bit color depth
07-10-2005 13:23:19 D3DCREATE_HARDWARE_VERTEXPROCESSING: Enabled
07-10-2005 13:23:19 D3DCREATE_PUREDEVICE: Enabled
07-10-2005 13:23:19 Initializing Direct Sound
07-10-2005 13:23:20 Initializing Direct Music
07-10-2005 13:23:20 Initializing Direct Input
07-10-2005 13:24:59 Terminating DXGame Engine Session
07-10-2005 13:24:59 Session: End
--------------------------------------
07-10-2005 13:25:09 DXGame Engine V1.7.4
07-10-2005 13:25:09 Session: Start
07-10-2005 13:25:09 Initializing Screen: 800x600 16 bit color depth
07-10-2005 13:25:09 D3DCREATE_HARDWARE_VERTEXPROCESSING: Enabled
07-10-2005 13:25:09 D3DCREATE_PUREDEVICE: Enabled
07-10-2005 13:25:09 Initializing Direct Sound
07-10-2005 13:25:10 Initializing Direct Music
07-10-2005 13:25:10 Initializing Direct Input
07-10-2005 13:26:09 Terminating DXGame Engine Session
07-10-2005 13:26:10 Session: End
--------------------------------------
07-10-2005 13:27:01 DXGame Engine V1.7.4
07-10-2005 13:27:01 Session: Start
07-10-2005 13:27:01 Initializing Screen: 1280x1024 16 bit color depth
07-10-2005 13:27:01 D3DCREATE_HARDWARE_VERTEXPROCESSING: Enabled
07-10-2005 13:27:01 D3DCREATE_PUREDEVICE: Enabled
07-10-2005 13:27:02 Initializing Direct Sound
07-10-2005 13:27:02 Initializing Direct Music
07-10-2005 13:27:02 Initializing Direct Input
--------------------------------------
07-10-2005 13:29:24 DXGame Engine V1.7.4
07-10-2005 13:29:24 Session: Start
07-10-2005 13:29:24 Initializing Screen: 800x600 16 bit color depth
07-10-2005 13:29:24 D3DCREATE_HARDWARE_VERTEXPROCESSING: Enabled
07-10-2005 13:29:24 D3DCREATE_PUREDEVICE: Enabled
07-10-2005 13:29:24 Initializing Direct Sound
07-10-2005 13:29:25 Initializing Direct Music
07-10-2005 13:29:25 Initializing Direct Input
07-10-2005 13:31:05 Terminating DXGame Engine Session
07-10-2005 13:31:05 Session: End
--------------------------------------
07-10-2005 13:31:52 DXGame Engine V1.7.4
07-10-2005 13:31:52 Session: Start
07-10-2005 13:31:52 Initializing Screen: 800x600 16 bit color depth
07-10-2005 13:31:52 D3DCREATE_HARDWARE_VERTEXPROCESSING: Enabled
07-10-2005 13:31:52 D3DCREATE_PUREDEVICE: Enabled
07-10-2005 13:31:53 Initializing Direct Sound
07-10-2005 13:31:53 Initializing Direct Music
07-10-2005 13:31:53 Initializing Direct Input
07-10-2005 13:34:24 Terminating DXGame Engine Session
07-10-2005 13:34:24 Session: End
--------------------------------------
07-10-2005 13:47:14 DXGame Engine V1.7.4
07-10-2005 13:47:14 Session: Start
07-10-2005 13:47:14 Initializing Screen: 800x600 16 bit color depth
07-10-2005 13:47:14 D3DCREATE_HARDWARE_VERTEXPROCESSING: Enabled
07-10-2005 13:47:14 D3DCREATE_PUREDEVICE: Enabled
07-10-2005 13:47:14 Initializing Direct Sound
07-10-2005 13:47:14 Initializing Direct Music
07-10-2005 13:47:14 Initializing Direct Input
07-10-2005 13:48:09 Terminating DXGame Engine Session
07-10-2005 13:48:09 Session: End
--------------------------------------
07-10-2005 13:54:33 DXGame Engine V1.7.4
07-10-2005 13:54:33 Session: Start
07-10-2005 13:54:33 Initializing Screen: 800x600 16 bit color depth
07-10-2005 13:54:33 D3DCREATE_HARDWARE_VERTEXPROCESSING: Enabled
07-10-2005 13:54:33 D3DCREATE_PUREDEVICE: Enabled
07-10-2005 13:54:34 Initializing Direct Sound
07-10-2005 13:54:34 Initializing Direct Music
07-10-2005 13:54:34 Initializing Direct Input
07-10-2005 13:54:56 Terminating DXGame Engine Session
07-10-2005 13:54:56 Session: End
--------------------------------------
07-10-2005 13:55:17 DXGame Engine V1.7.4
07-10-2005 13:55:17 Session: Start
07-10-2005 13:55:17 Initializing Screen: 800x600 16 bit color depth
07-10-2005 13:55:17 D3DCREATE_HARDWARE_VERTEXPROCESSING: Enabled
07-10-2005 13:55:17 D3DCREATE_PUREDEVICE: Enabled
07-10-2005 13:55:18 Initializing Direct Sound
07-10-2005 13:55:18 Initializing Direct Music
07-10-2005 13:55:18 Initializing Direct Input
07-10-2005 13:55:45 Terminating DXGame Engine Session
07-10-2005 13:55:45 Session: End
--------------------------------------
07-10-2005 13:57:13 DXGame Engine V1.7.4
07-10-2005 13:57:13 Session: Start
07-10-2005 13:57:13 Initializing Screen: 800x600 16 bit color depth
07-10-2005 13:57:13 D3DCREATE_HARDWARE_VERTEXPROCESSING: Enabled
07-10-2005 13:57:13 D3DCREATE_PUREDEVICE: Enabled
07-10-2005 13:57:13 Initializing Direct Sound
07-10-2005 13:57:13 Initializing Direct Music
07-10-2005 13:57:13 Initializing Direct Input
07-10-2005 13:57:22 Terminating DXGame Engine Session
07-10-2005 13:57:22 Session: End
--------------------------------------
07-10-2005 13:58:08 DXGame Engine V1.7.4
07-10-2005 13:58:08 Session: Start
07-10-2005 13:58:08 Initializing Screen: 800x600 16 bit color depth
07-10-2005 13:58:09 D3DCREATE_HARDWARE_VERTEXPROCESSING: Enabled
07-10-2005 13:58:09 D3DCREATE_PUREDEVICE: Enabled
07-10-2005 13:58:09 Initializing Direct Sound
07-10-2005 13:58:09 Initializing Direct Music
07-10-2005 13:58:09 Initializing Direct Input
07-10-2005 13:58:18 Terminating DXGame Engine Session
07-10-2005 13:58:18 Session: End
--------------------------------------
07-10-2005 13:58:38 DXGame Engine V1.7.4
07-10-2005 13:58:38 Session: Start
07-10-2005 13:58:38 Initializing Screen: 800x600 16 bit color depth
07-10-2005 13:58:38 D3DCREATE_HARDWARE_VERTEXPROCESSING: Enabled
07-10-2005 13:58:38 D3DCREATE_PUREDEVICE: Enabled
07-10-2005 13:58:38 Initializing Direct Sound
07-10-2005 13:58:38 Initializing Direct Music
07-10-2005 13:58:38 Initializing Direct Input
07-10-2005 13:59:19 Terminating DXGame Engine Session
07-10-2005 13:59:19 Session: End
--------------------------------------
07-10-2005 14:00:30 DXGame Engine V1.7.4
07-10-2005 14:00:30 Session: Start
07-10-2005 14:00:30 Initializing Screen: 800x600 16 bit color depth
07-10-2005 14:00:30 D3DCREATE_HARDWARE_VERTEXPROCESSING: Enabled
07-10-2005 14:00:30 D3DCREATE_PUREDEVICE: Enabled
07-10-2005 14:00:31 Initializing Direct Sound
07-10-2005 14:00:31 Initializing Direct Music
07-10-2005 14:00:31 Initializing Direct Input
07-10-2005 14:00:48 Terminating DXGame Engine Session
07-10-2005 14:00:49 Session: End
--------------------------------------
07-10-2005 14:07:29 DXGame Engine V1.7.4
07-10-2005 14:07:29 Session: Start
07-10-2005 14:07:29 Initializing Screen: 800x600 16 bit color depth
07-10-2005 14:07:29 D3DCREATE_HARDWARE_VERTEXPROCESSING: Enabled
07-10-2005 14:07:29 D3DCREATE_PUREDEVICE: Enabled
07-10-2005 14:07:29 Initializing Direct Sound
07-10-2005 14:07:30 Initializing Direct Music
07-10-2005 14:07:30 Initializing Direct Input
07-10-2005 14:07:58 Terminating DXGame Engine Session
07-10-2005 14:07:59 Session: End
--------------------------------------
07-10-2005 14:09:16 DXGame Engine V1.7.4
07-10-2005 14:09:16 Session: Start
07-10-2005 14:09:16 Initializing Screen: 800x600 16 bit color depth
07-10-2005 14:09:16 D3DCREATE_HARDWARE_VERTEXPROCESSING: Enabled
07-10-2005 14:09:16 D3DCREATE_PUREDEVICE: Enabled
07-10-2005 14:09:16 Initializing Direct Sound
07-10-2005 14:09:17 Initializing Direct Music
07-10-2005 14:09:17 Initializing Direct Input
07-10-2005 14:09:57 Terminating DXGame Engine Session
07-10-2005 14:09:57 Session: End
--------------------------------------
07-10-2005 14:10:51 DXGame Engine V1.7.4
07-10-2005 14:10:51 Session: Start
07-10-2005 14:10:51 Initializing Screen: 800x600 16 bit color depth
07-10-2005 14:10:51 D3DCREATE_HARDWARE_VERTEXPROCESSING: Enabled
07-10-2005 14:10:51 D3DCREATE_PUREDEVICE: Enabled
07-10-2005 14:10:52 Initializing Direct Sound
07-10-2005 14:10:52 Initializing Direct Music
07-10-2005 14:10:52 Initializing Direct Input
07-10-2005 14:12:03 Terminating DXGame Engine Session
07-10-2005 14:12:03 Session: End
--------------------------------------
07-10-2005 18:52:56 DXGame Engine V1.7.4
07-10-2005 18:52:56 Session: Start
07-10-2005 18:52:56 Initializing Screen: 800x600 16 bit color depth
07-10-2005 18:52:56 D3DCREATE_HARDWARE_VERTEXPROCESSING: Enabled
07-10-2005 18:52:56 D3DCREATE_PUREDEVICE: Enabled
07-10-2005 18:52:57 Initializing Direct Sound
07-10-2005 18:52:57 Initializing Direct Music
07-10-2005 18:52:57 Initializing Direct Input
07-10-2005 18:53:34 Terminating DXGame Engine Session
07-10-2005 18:53:34 Session: End
--------------------------------------
07-10-2005 19:26:48 DXGame Engine V1.7.4
07-10-2005 19:26:48 Session: Start
07-10-2005 19:26:48 Initializing Screen: 800x600 16 bit color depth
07-10-2005 19:26:48 D3DCREATE_HARDWARE_VERTEXPROCESSING: Enabled
07-10-2005 19:26:48 D3DCREATE_PUREDEVICE: Enabled
07-10-2005 19:26:48 Initializing Direct Sound
07-10-2005 19:26:48 Initializing Direct Music
07-10-2005 19:26:48 Initializing Direct Input
07-10-2005 19:28:02 Terminating DXGame Engine Session
07-10-2005 19:28:03 Session: End
--------------------------------------
07-10-2005 19:28:34 DXGame Engine V1.7.4
07-10-2005 19:28:34 Session: Start
07-10-2005 19:28:34 Initializing Screen: 800x600 16 bit color depth
07-10-2005 19:28:34 D3DCREATE_HARDWARE_VERTEXPROCESSING: Enabled
07-10-2005 19:28:34 D3DCREATE_PUREDEVICE: Enabled
07-10-2005 19:28:35 Initializing Direct Sound
07-10-2005 19:28:35 Initializing Direct Music
07-10-2005 19:28:35 Initializing Direct Input
07-10-2005 19:30:03 Terminating DXGame Engine Session
07-10-2005 19:30:03 Session: End
--------------------------------------
07-10-2005 19:32:05 DXGame Engine V1.7.4
07-10-2005 19:32:05 Session: Start
07-10-2005 19:32:05 Initializing Screen: 800x600 16 bit color depth
07-10-2005 19:32:05 D3DCREATE_HARDWARE_VERTEXPROCESSING: Enabled
07-10-2005 19:32:05 D3DCREATE_PUREDEVICE: Enabled
07-10-2005 19:32:05 Initializing Direct Sound
07-10-2005 19:32:06 Initializing Direct Music
07-10-2005 19:32:06 Initializing Direct Input
07-10-2005 19:32:24 Terminating DXGame Engine Session
07-10-2005 19:32:25 Session: End
--------------------------------------
07-10-2005 19:32:48 DXGame Engine V1.7.4
07-10-2005 19:32:48 Session: Start
07-10-2005 19:32:48 Initializing Screen: 800x600 16 bit color depth
07-10-2005 19:32:48 D3DCREATE_HARDWARE_VERTEXPROCESSING: Enabled
07-10-2005 19:32:48 D3DCREATE_PUREDEVICE: Enabled
07-10-2005 19:32:48 Initializing Direct Sound
07-10-2005 19:32:48 Initializing Direct Music
07-10-2005 19:32:48 Initializing Direct Input
07-10-2005 19:33:25 Terminating DXGame Engine Session
07-10-2005 19:33:25 Session: End
--------------------------------------
07-10-2005 19:41:36 DXGame Engine V1.7.4
07-10-2005 19:41:36 Session: Start
07-10-2005 19:41:36 Initializing Screen: 800x600 16 bit color depth
07-10-2005 19:41:36 D3DCREATE_HARDWARE_VERTEXPROCESSING: Enabled
07-10-2005 19:41:36 D3DCREATE_PUREDEVICE: Enabled
07-10-2005 19:41:36 Initializing Direct Sound
07-10-2005 19:41:37 Initializing Direct Music
07-10-2005 19:41:37 Initializing Direct Input
07-10-2005 19:41:45 Terminating DXGame Engine Session
07-10-2005 19:41:45 Session: End
--------------------------------------
07-10-2005 19:47:45 DXGame Engine V1.7.4
07-10-2005 19:47:45 Session: Start
07-10-2005 19:47:45 Initializing Screen: 800x600 16 bit color depth
07-10-2005 19:47:45 D3DCREATE_HARDWARE_VERTEXPROCESSING: Enabled
07-10-2005 19:47:45 D3DCREATE_PUREDEVICE: Enabled
07-10-2005 19:47:46 Initializing Direct Sound
07-10-2005 19:47:46 Initializing Direct Music
07-10-2005 19:47:46 Initializing Direct Input
07-10-2005 19:47:59 Terminating DXGame Engine Session
07-10-2005 19:48:00 Session: End
--------------------------------------
07-10-2005 19:48:41 DXGame Engine V1.7.4
07-10-2005 19:48:41 Session: Start
07-10-2005 19:48:41 Initializing Screen: 800x600 16 bit color depth
07-10-2005 19:48:41 D3DCREATE_HARDWARE_VERTEXPROCESSING: Enabled
07-10-2005 19:48:41 D3DCREATE_PUREDEVICE: Enabled
07-10-2005 19:48:42 Initializing Direct Sound
07-10-2005 19:48:42 Initializing Direct Music
07-10-2005 19:48:42 Initializing Direct Input
07-10-2005 19:49:01 Terminating DXGame Engine Session
07-10-2005 19:49:01 Session: End
--------------------------------------
07-10-2005 19:49:23 DXGame Engine V1.7.4
07-10-2005 19:49:23 Session: Start
07-10-2005 19:49:23 Initializing Screen: 800x600 16 bit color depth
07-10-2005 19:49:23 D3DCREATE_HARDWARE_VERTEXPROCESSING: Enabled
07-10-2005 19:49:23 D3DCREATE_PUREDEVICE: Enabled
07-10-2005 19:49:24 Initializing Direct Sound
07-10-2005 19:49:24 Initializing Direct Music
07-10-2005 19:49:24 Initializing Direct Input
07-10-2005 19:49:49 Terminating DXGame Engine Session
07-10-2005 19:49:50 Session: End
--------------------------------------
07-10-2005 19:51:21 DXGame Engine V1.7.4
07-10-2005 19:51:21 Session: Start
07-10-2005 19:51:21 Initializing Screen: 800x600 16 bit color depth
07-10-2005 19:51:21 D3DCREATE_HARDWARE_VERTEXPROCESSING: Enabled
07-10-2005 19:51:21 D3DCREATE_PUREDEVICE: Enabled
07-10-2005 19:51:22 Initializing Direct Sound
07-10-2005 19:51:22 Initializing Direct Music
07-10-2005 19:51:22 Initializing Direct Input
07-10-2005 19:51:32 Terminating DXGame Engine Session
07-10-2005 19:51:33 Session: End
--------------------------------------
07-10-2005 19:52:23 DXGame Engine V1.7.4
07-10-2005 19:52:23 Session: Start
07-10-2005 19:52:23 Initializing Screen: 800x600 16 bit color depth
07-10-2005 19:52:23 D3DCREATE_HARDWARE_VERTEXPROCESSING: Enabled
07-10-2005 19:52:23 D3DCREATE_PUREDEVICE: Enabled
07-10-2005 19:52:24 Initializing Direct Sound
07-10-2005 19:52:24 Initializing Direct Music
07-10-2005 19:52:24 Initializing Direct Input
07-10-2005 19:52:50 Terminating DXGame Engine Session
07-10-2005 19:52:51 Session: End
--------------------------------------
07-10-2005 19:55:08 DXGame Engine V1.7.4
07-10-2005 19:55:08 Session: Start
07-10-2005 19:55:08 Initializing Screen: 800x600 16 bit color depth
07-10-2005 19:55:08 D3DCREATE_HARDWARE_VERTEXPROCESSING: Enabled
07-10-2005 19:55:08 D3DCREATE_PUREDEVICE: Enabled
07-10-2005 19:55:08 Initializing Direct Sound
07-10-2005 19:55:08 Initializing Direct Music
07-10-2005 19:55:08 Initializing Direct Input
07-10-2005 19:55:28 Terminating DXGame Engine Session
07-10-2005 19:55:28 Session: End
--------------------------------------
07-10-2005 19:55:48 DXGame Engine V1.7.4
07-10-2005 19:55:48 Session: Start
07-10-2005 19:55:48 Initializing Screen: 800x600 16 bit color depth
07-10-2005 19:55:48 D3DCREATE_HARDWARE_VERTEXPROCESSING: Enabled
07-10-2005 19:55:48 D3DCREATE_PUREDEVICE: Enabled
07-10-2005 19:55:48 Initializing Direct Sound
07-10-2005 19:55:48 Initializing Direct Music
07-10-2005 19:55:48 Initializing Direct Input
07-10-2005 19:56:07 Terminating DXGame Engine Session
07-10-2005 19:56:08 Session: End
--------------------------------------
07-10-2005 19:56:34 DXGame Engine V1.7.4
07-10-2005 19:56:34 Session: Start
07-10-2005 19:56:34 Initializing Screen: 800x600 16 bit color depth
07-10-2005 19:56:34 D3DCREATE_HARDWARE_VERTEXPROCESSING: Enabled
07-10-2005 19:56:34 D3DCREATE_PUREDEVICE: Enabled
07-10-2005 19:56:34 Initializing Direct Sound
07-10-2005 19:56:34 Initializing Direct Music
07-10-2005 19:56:34 Initializing Direct Input
07-10-2005 19:58:51 Terminating DXGame Engine Session
07-10-2005 19:58:51 Session: End
--------------------------------------
07-10-2005 20:08:15 DXGame Engine V1.7.4
07-10-2005 20:08:15 Session: Start
07-10-2005 20:08:15 Initializing Screen: 800x600 16 bit color depth
07-10-2005 20:08:15 D3DCREATE_HARDWARE_VERTEXPROCESSING: Enabled
07-10-2005 20:08:15 D3DCREATE_PUREDEVICE: Enabled
07-10-2005 20:08:16 Initializing Direct Sound
07-10-2005 20:08:16 Initializing Direct Music
07-10-2005 20:08:16 Initializing Direct Input
07-10-2005 20:10:32 Terminating DXGame Engine Session
07-10-2005 20:10:32 Session: End
--------------------------------------
07-10-2005 20:16:52 DXGame Engine V1.7.4
07-10-2005 20:16:52 Session: Start
07-10-2005 20:16:52 Initializing Screen: 800x600 16 bit color depth
07-10-2005 20:16:52 D3DCREATE_HARDWARE_VERTEXPROCESSING: Enabled
07-10-2005 20:16:52 D3DCREATE_PUREDEVICE: Enabled
07-10-2005 20:16:53 Initializing Direct Sound
07-10-2005 20:16:53 Initializing Direct Music
07-10-2005 20:16:53 Initializing Direct Input
07-10-2005 20:19:06 Terminating DXGame Engine Session
07-10-2005 20:19:06 Session: End
--------------------------------------
07-10-2005 20:19:52 DXGame Engine V1.7.4
07-10-2005 20:19:52 Session: Start
07-10-2005 20:19:52 Initializing Screen: 800x600 16 bit color depth
07-10-2005 20:19:52 D3DCREATE_HARDWARE_VERTEXPROCESSING: Enabled
07-10-2005 20:19:52 D3DCREATE_PUREDEVICE: Enabled
07-10-2005 20:19:52 Initializing Direct Sound
07-10-2005 20:19:52 Initializing Direct Music
07-10-2005 20:19:52 Initializing Direct Input
07-10-2005 20:20:39 Terminating DXGame Engine Session
07-10-2005 20:20:40 Session: End
--------------------------------------
07-10-2005 20:23:03 DXGame Engine V1.7.4
07-10-2005 20:23:03 Session: Start
07-10-2005 20:23:03 Initializing Screen: 800x600 16 bit color depth
07-10-2005 20:23:03 D3DCREATE_HARDWARE_VERTEXPROCESSING: Enabled
07-10-2005 20:23:03 D3DCREATE_PUREDEVICE: Enabled
07-10-2005 20:23:03 Initializing Direct Sound
07-10-2005 20:23:03 Initializing Direct Music
07-10-2005 20:23:03 Initializing Direct Input
07-10-2005 20:23:30 Terminating DXGame Engine Session
07-10-2005 20:23:30 Session: End
--------------------------------------
07-10-2005 20:24:35 DXGame Engine V1.7.4
07-10-2005 20:24:35 Session: Start
07-10-2005 20:24:35 Initializing Screen: 800x600 16 bit color depth
07-10-2005 20:24:35 D3DCREATE_HARDWARE_VERTEXPROCESSING: Enabled
07-10-2005 20:24:35 D3DCREATE_PUREDEVICE: Enabled
07-10-2005 20:24:36 Initializing Direct Sound
07-10-2005 20:24:36 Initializing Direct Music
07-10-2005 20:24:36 Initializing Direct Input
07-10-2005 20:25:04 Terminating DXGame Engine Session
07-10-2005 20:25:04 Session: End
--------------------------------------
07-10-2005 20:29:41 DXGame Engine V1.7.4
07-10-2005 20:29:41 Session: Start
07-10-2005 20:29:41 Initializing Screen: 800x600 16 bit color depth
07-10-2005 20:29:41 D3DCREATE_HARDWARE_VERTEXPROCESSING: Enabled
07-10-2005 20:29:41 D3DCREATE_PUREDEVICE: Enabled
07-10-2005 20:29:41 Initializing Direct Sound
07-10-2005 20:29:42 Initializing Direct Music
07-10-2005 20:29:42 Initializing Direct Input
07-10-2005 20:30:34 Terminating DXGame Engine Session
07-10-2005 20:30:35 Session: End
--------------------------------------
07-10-2005 20:31:49 DXGame Engine V1.7.4
07-10-2005 20:31:49 Session: Start
07-10-2005 20:31:49 Initializing Screen: 800x600 16 bit color depth
07-10-2005 20:31:49 D3DCREATE_HARDWARE_VERTEXPROCESSING: Enabled
07-10-2005 20:31:49 D3DCREATE_PUREDEVICE: Enabled
07-10-2005 20:31:49 Initializing Direct Sound
07-10-2005 20:31:50 Initializing Direct Music
07-10-2005 20:31:50 Initializing Direct Input
07-10-2005 20:32:33 Terminating DXGame Engine Session
07-10-2005 20:32:33 Session: End
--------------------------------------
07-10-2005 20:33:41 DXGame Engine V1.7.4
07-10-2005 20:33:41 Session: Start
07-10-2005 20:33:41 Initializing Screen: 800x600 16 bit color depth
07-10-2005 20:33:41 D3DCREATE_HARDWARE_VERTEXPROCESSING: Enabled
07-10-2005 20:33:41 D3DCREATE_PUREDEVICE: Enabled
07-10-2005 20:33:42 Initializing Direct Sound
07-10-2005 20:33:42 Initializing Direct Music
07-10-2005 20:33:42 Initializing Direct Input
07-10-2005 20:34:45 Terminating DXGame Engine Session
07-10-2005 20:34:46 Session: End
--------------------------------------
07-10-2005 20:36:21 DXGame Engine V1.7.4
07-10-2005 20:36:21 Session: Start
07-10-2005 20:36:21 Initializing Screen: 800x600 16 bit color depth
07-10-2005 20:36:21 D3DCREATE_HARDWARE_VERTEXPROCESSING: Enabled
07-10-2005 20:36:21 D3DCREATE_PUREDEVICE: Enabled
07-10-2005 20:36:22 Initializing Direct Sound
07-10-2005 20:36:22 Initializing Direct Music
07-10-2005 20:36:22 Initializing Direct Input
07-10-2005 20:37:29 Device lost. Attempting full restore.
07-10-2005 20:37:30 Initializing Screen: 800x600 16 bit color depth
07-10-2005 20:37:30 D3DCREATE_HARDWARE_VERTEXPROCESSING: Enabled
07-10-2005 20:37:30 D3DCREATE_PUREDEVICE: Enabled
07-10-2005 20:37:30 Initializing Direct Input
07-10-2005 20:37:30 Device restored ok.
07-10-2005 20:37:51 Device lost. Attempting full restore.
07-10-2005 20:37:51 Initializing Screen: 800x600 16 bit color depth
07-10-2005 20:37:51 D3DCREATE_HARDWARE_VERTEXPROCESSING: Enabled
07-10-2005 20:37:51 D3DCREATE_PUREDEVICE: Enabled
07-10-2005 20:37:51 Initializing Direct Input
07-10-2005 20:37:51 Device restored ok.
--------------------------------------
07-10-2005 20:52:35 DXGame Engine V1.7.4
07-10-2005 20:52:35 Session: Start
07-10-2005 20:52:36 Initializing Windowed Mode: 800x600
07-10-2005 20:52:36 D3DCREATE_HARDWARE_VERTEXPROCESSING: Enabled
07-10-2005 20:52:36 D3DCREATE_PUREDEVICE: Enabled
07-10-2005 20:52:36 Initializing Direct Sound
07-10-2005 20:52:36 Initializing Direct Music
07-10-2005 20:52:36 Initializing Direct Input
--------------------------------------
07-10-2005 20:58:29 DXGame Engine V1.7.4
07-10-2005 20:58:29 Session: Start
07-10-2005 20:58:29 Initializing Windowed Mode: 800x600
07-10-2005 20:58:29 D3DCREATE_HARDWARE_VERTEXPROCESSING: Enabled
07-10-2005 20:58:29 D3DCREATE_PUREDEVICE: Enabled
07-10-2005 20:58:29 Initializing Direct Sound
07-10-2005 20:58:29 Initializing Direct Music
07-10-2005 20:58:29 Initializing Direct Input
07-10-2005 21:00:22 Terminating DXGame Engine Session
07-10-2005 21:00:22 Session: End
--------------------------------------
07-10-2005 21:03:57 DXGame Engine V1.7.4
07-10-2005 21:03:57 Session: Start
07-10-2005 21:03:57 Initializing Windowed Mode: 800x600
07-10-2005 21:03:57 D3DCREATE_HARDWARE_VERTEXPROCESSING: Enabled
07-10-2005 21:03:57 D3DCREATE_PUREDEVICE: Enabled
07-10-2005 21:03:57 Initializing Direct Sound
07-10-2005 21:03:57 Initializing Direct Music
07-10-2005 21:03:57 Initializing Direct Input
07-10-2005 21:04:48 Terminating DXGame Engine Session
07-10-2005 21:04:48 Session: End
--------------------------------------
07-10-2005 21:05:20 DXGame Engine V1.7.4
07-10-2005 21:05:20 Session: Start
07-10-2005 21:05:20 Initializing Windowed Mode: 800x600
07-10-2005 21:05:20 D3DCREATE_HARDWARE_VERTEXPROCESSING: Enabled
07-10-2005 21:05:20 D3DCREATE_PUREDEVICE: Enabled
07-10-2005 21:05:20 Initializing Direct Sound
07-10-2005 21:05:20 Initializing Direct Music
07-10-2005 21:05:20 Initializing Direct Input
07-10-2005 21:05:59 Terminating DXGame Engine Session
07-10-2005 21:05:59 Session: End
--------------------------------------
07-10-2005 21:07:49 DXGame Engine V1.7.4
07-10-2005 21:07:49 Session: Start
07-10-2005 21:07:49 Initializing Windowed Mode: 800x600
07-10-2005 21:07:49 D3DCREATE_HARDWARE_VERTEXPROCESSING: Enabled
07-10-2005 21:07:49 D3DCREATE_PUREDEVICE: Enabled
07-10-2005 21:07:49 Initializing Direct Sound
07-10-2005 21:07:49 Initializing Direct Music
07-10-2005 21:07:49 Initializing Direct Input
07-10-2005 21:07:58 Terminating DXGame Engine Session
07-10-2005 21:07:58 Session: End
--------------------------------------
07-10-2005 21:10:19 DXGame Engine V1.7.4
07-10-2005 21:10:19 Session: Start
07-10-2005 21:10:19 Initializing Windowed Mode: 800x600
07-10-2005 21:10:19 D3DCREATE_HARDWARE_VERTEXPROCESSING: Enabled
07-10-2005 21:10:19 D3DCREATE_PUREDEVICE: Enabled
07-10-2005 21:10:19 Initializing Direct Sound
07-10-2005 21:10:19 Initializing Direct Music
07-10-2005 21:10:19 Initializing Direct Input
07-10-2005 21:12:05 Terminating DXGame Engine Session
07-10-2005 21:12:05 Session: End
--------------------------------------
07-10-2005 21:13:21 DXGame Engine V1.7.4
07-10-2005 21:13:21 Session: Start
07-10-2005 21:13:21 Initializing Windowed Mode: 800x600
07-10-2005 21:13:21 D3DCREATE_HARDWARE_VERTEXPROCESSING: Enabled
07-10-2005 21:13:21 D3DCREATE_PUREDEVICE: Enabled
07-10-2005 21:13:21 Initializing Direct Sound
07-10-2005 21:13:21 Initializing Direct Music
07-10-2005 21:13:21 Initializing Direct Input
07-10-2005 21:13:35 Terminating DXGame Engine Session
07-10-2005 21:13:36 Session: End
--------------------------------------
07-10-2005 21:13:50 DXGame Engine V1.7.4
07-10-2005 21:13:50 Session: Start
07-10-2005 21:13:50 Initializing Windowed Mode: 800x600
07-10-2005 21:13:50 D3DCREATE_HARDWARE_VERTEXPROCESSING: Enabled
07-10-2005 21:13:50 D3DCREATE_PUREDEVICE: Enabled
07-10-2005 21:13:50 Initializing Direct Sound
07-10-2005 21:13:50 Initializing Direct Music
07-10-2005 21:13:50 Initializing Direct Input
07-10-2005 21:14:30 Terminating DXGame Engine Session
07-10-2005 21:14:30 Session: End
--------------------------------------
07-10-2005 21:18:38 DXGame Engine V1.7.4
07-10-2005 21:18:38 Session: Start
07-10-2005 21:18:38 Initializing Windowed Mode: 800x600
07-10-2005 21:18:38 D3DCREATE_HARDWARE_VERTEXPROCESSING: Enabled
07-10-2005 21:18:38 D3DCREATE_PUREDEVICE: Enabled
07-10-2005 21:18:38 Initializing Direct Sound
07-10-2005 21:18:38 Initializing Direct Music
07-10-2005 21:18:38 Initializing Direct Input
07-10-2005 21:19:17 Terminating DXGame Engine Session
07-10-2005 21:19:17 Session: End
--------------------------------------
07-10-2005 21:20:14 DXGame Engine V1.7.4
07-10-2005 21:20:14 Session: Start
07-10-2005 21:20:14 Initializing Windowed Mode: 800x600
07-10-2005 21:20:14 D3DCREATE_HARDWARE_VERTEXPROCESSING: Enabled
07-10-2005 21:20:14 D3DCREATE_PUREDEVICE: Enabled
07-10-2005 21:20:14 Initializing Direct Sound
07-10-2005 21:20:14 Initializing Direct Music
07-10-2005 21:20:14 Initializing Direct Input
07-10-2005 21:20:50 Terminating DXGame Engine Session
07-10-2005 21:20:50 Session: End
--------------------------------------
07-10-2005 21:24:14 DXGame Engine V1.7.4
07-10-2005 21:24:14 Session: Start
07-10-2005 21:24:14 Initializing Windowed Mode: 800x600
07-10-2005 21:24:14 D3DCREATE_HARDWARE_VERTEXPROCESSING: Enabled
07-10-2005 21:24:14 D3DCREATE_PUREDEVICE: Enabled
07-10-2005 21:24:14 Initializing Direct Sound
07-10-2005 21:24:14 Initializing Direct Music
07-10-2005 21:24:14 Initializing Direct Input
07-10-2005 21:24:24 Terminating DXGame Engine Session
07-10-2005 21:24:24 Session: End
--------------------------------------
07-10-2005 21:26:31 DXGame Engine V1.7.4
07-10-2005 21:26:31 Session: Start
07-10-2005 21:26:31 Initializing Windowed Mode: 800x600
07-10-2005 21:26:31 D3DCREATE_HARDWARE_VERTEXPROCESSING: Enabled
07-10-2005 21:26:31 D3DCREATE_PUREDEVICE: Enabled
07-10-2005 21:26:31 Initializing Direct Sound
07-10-2005 21:26:31 Initializing Direct Music
07-10-2005 21:26:31 Initializing Direct Input
07-10-2005 21:26:46 Terminating DXGame Engine Session
07-10-2005 21:26:46 Session: End
--------------------------------------
07-10-2005 21:27:46 DXGame Engine V1.7.4
07-10-2005 21:27:46 Session: Start
07-10-2005 21:27:46 Initializing Windowed Mode: 800x600
07-10-2005 21:27:46 D3DCREATE_HARDWARE_VERTEXPROCESSING: Enabled
07-10-2005 21:27:46 D3DCREATE_PUREDEVICE: Enabled
07-10-2005 21:27:46 Initializing Direct Sound
07-10-2005 21:27:47 Initializing Direct Music
07-10-2005 21:27:47 Initializing Direct Input
07-10-2005 21:28:00 Terminating DXGame Engine Session
07-10-2005 21:28:00 Session: End
--------------------------------------
07-10-2005 21:28:55 DXGame Engine V1.7.4
07-10-2005 21:28:55 Session: Start
07-10-2005 21:28:55 Initializing Windowed Mode: 800x600
07-10-2005 21:28:55 D3DCREATE_HARDWARE_VERTEXPROCESSING: Enabled
07-10-2005 21:28:55 D3DCREATE_PUREDEVICE: Enabled
07-10-2005 21:28:55 Initializing Direct Sound
07-10-2005 21:28:55 Initializing Direct Music
07-10-2005 21:28:55 Initializing Direct Input
--------------------------------------
07-10-2005 21:54:38 DXGame Engine V1.7.4
07-10-2005 21:54:38 Session: Start
07-10-2005 21:54:38 Initializing Windowed Mode: 800x600
07-10-2005 21:54:38 D3DCREATE_HARDWARE_VERTEXPROCESSING: Enabled
07-10-2005 21:54:38 D3DCREATE_PUREDEVICE: Enabled
07-10-2005 21:54:38 Initializing Direct Sound
07-10-2005 21:54:38 Initializing Direct Music
07-10-2005 21:54:38 Initializing Direct Input
07-10-2005 21:55:07 Terminating DXGame Engine Session
07-10-2005 21:55:07 Session: End
--------------------------------------
07-10-2005 21:56:29 DXGame Engine V1.7.4
07-10-2005 21:56:29 Session: Start
07-10-2005 21:56:29 Initializing Windowed Mode: 800x600
07-10-2005 21:56:29 D3DCREATE_HARDWARE_VERTEXPROCESSING: Enabled
07-10-2005 21:56:29 D3DCREATE_PUREDEVICE: Enabled
07-10-2005 21:56:29 Initializing Direct Sound
07-10-2005 21:56:29 Initializing Direct Music
07-10-2005 21:56:29 Initializing Direct Input
07-10-2005 21:56:42 Terminating DXGame Engine Session
07-10-2005 21:56:42 Session: End
--------------------------------------
07-10-2005 21:57:17 DXGame Engine V1.7.4
07-10-2005 21:57:17 Session: Start
07-10-2005 21:57:17 Initializing Windowed Mode: 800x600
07-10-2005 21:57:17 D3DCREATE_HARDWARE_VERTEXPROCESSING: Enabled
07-10-2005 21:57:17 D3DCREATE_PUREDEVICE: Enabled
07-10-2005 21:57:17 Initializing Direct Sound
07-10-2005 21:57:17 Initializing Direct Music
07-10-2005 21:57:17 Initializing Direct Input
07-10-2005 21:57:48 Terminating DXGame Engine Session
07-10-2005 21:57:48 Session: End
--------------------------------------
07-10-2005 22:08:40 DXGame Engine V1.7.4
07-10-2005 22:08:40 Session: Start
07-10-2005 22:08:40 Initializing Windowed Mode: 800x600
07-10-2005 22:08:40 D3DCREATE_HARDWARE_VERTEXPROCESSING: Enabled
07-10-2005 22:08:40 D3DCREATE_PUREDEVICE: Enabled
07-10-2005 22:08:40 Initializing Direct Sound
07-10-2005 22:08:40 Initializing Direct Music
07-10-2005 22:08:40 Initializing Direct Input
07-10-2005 22:09:29 Terminating DXGame Engine Session
07-10-2005 22:09:29 Session: End
--------------------------------------
07-10-2005 22:11:21 DXGame Engine V1.7.4
07-10-2005 22:11:21 Session: Start
07-10-2005 22:11:21 Initializing Windowed Mode: 800x600
07-10-2005 22:11:21 D3DCREATE_HARDWARE_VERTEXPROCESSING: Enabled
07-10-2005 22:11:21 D3DCREATE_PUREDEVICE: Enabled
07-10-2005 22:11:21 Initializing Direct Sound
07-10-2005 22:11:21 Initializing Direct Music
07-10-2005 22:11:21 Initializing Direct Input
07-10-2005 22:13:34 Terminating DXGame Engine Session
07-10-2005 22:13:34 Session: End
--------------------------------------
07-10-2005 22:29:24 DXGame Engine V1.7.4
07-10-2005 22:29:24 Session: Start
07-10-2005 22:29:24 Initializing Windowed Mode: 800x600
07-10-2005 22:29:24 D3DCREATE_HARDWARE_VERTEXPROCESSING: Enabled
07-10-2005 22:29:24 D3DCREATE_PUREDEVICE: Enabled
07-10-2005 22:29:24 Initializing Direct Sound
07-10-2005 22:29:24 Initializing Direct Music
07-10-2005 22:29:24 Initializing Direct Input
07-10-2005 22:29:48 Terminating DXGame Engine Session
07-10-2005 22:29:48 Session: End
--------------------------------------
07-10-2005 22:31:34 DXGame Engine V1.7.4
07-10-2005 22:31:34 Session: Start
07-10-2005 22:31:34 Initializing Windowed Mode: 800x600
07-10-2005 22:31:34 D3DCREATE_HARDWARE_VERTEXPROCESSING: Enabled
07-10-2005 22:31:34 D3DCREATE_PUREDEVICE: Enabled
07-10-2005 22:31:34 Initializing Direct Sound
07-10-2005 22:31:34 Initializing Direct Music
07-10-2005 22:31:34 Initializing Direct Input
07-10-2005 22:32:02 Terminating DXGame Engine Session
07-10-2005 22:32:02 Session: End
--------------------------------------
07-10-2005 22:33:26 DXGame Engine V1.7.4
07-10-2005 22:33:26 Session: Start
07-10-2005 22:33:26 Initializing Windowed Mode: 800x600
07-10-2005 22:33:26 D3DCREATE_HARDWARE_VERTEXPROCESSING: Enabled
07-10-2005 22:33:26 D3DCREATE_PUREDEVICE: Enabled
07-10-2005 22:33:26 Initializing Direct Sound
07-10-2005 22:33:26 Initializing Direct Music
07-10-2005 22:33:26 Initializing Direct Input
07-10-2005 22:33:48 Terminating DXGame Engine Session
07-10-2005 22:33:48 Session: End
--------------------------------------
07-10-2005 22:34:28 DXGame Engine V1.7.4
07-10-2005 22:34:28 Session: Start
07-10-2005 22:34:28 Initializing Windowed Mode: 800x600
07-10-2005 22:34:28 D3DCREATE_HARDWARE_VERTEXPROCESSING: Enabled
07-10-2005 22:34:28 D3DCREATE_PUREDEVICE: Enabled
07-10-2005 22:34:28 Initializing Direct Sound
07-10-2005 22:34:28 Initializing Direct Music
07-10-2005 22:34:28 Initializing Direct Input
07-10-2005 22:34:39 Terminating DXGame Engine Session
07-10-2005 22:34:39 Session: End
--------------------------------------
07-10-2005 22:34:43 DXGame Engine V1.7.4
07-10-2005 22:34:43 Session: Start
07-10-2005 22:34:43 Initializing Windowed Mode: 800x600
07-10-2005 22:34:43 D3DCREATE_HARDWARE_VERTEXPROCESSING: Enabled
07-10-2005 22:34:43 D3DCREATE_PUREDEVICE: Enabled
07-10-2005 22:34:43 Initializing Direct Sound
07-10-2005 22:34:43 Initializing Direct Music
07-10-2005 22:34:43 Initializing Direct Input
07-10-2005 22:35:12 Terminating DXGame Engine Session
07-10-2005 22:35:12 Session: End
--------------------------------------
07-10-2005 22:35:52 DXGame Engine V1.7.4
07-10-2005 22:35:52 Session: Start
07-10-2005 22:35:52 Initializing Windowed Mode: 800x600
07-10-2005 22:35:52 D3DCREATE_HARDWARE_VERTEXPROCESSING: Enabled
07-10-2005 22:35:52 D3DCREATE_PUREDEVICE: Enabled
07-10-2005 22:35:52 Initializing Direct Sound
07-10-2005 22:35:52 Initializing Direct Music
07-10-2005 22:35:52 Initializing Direct Input
07-10-2005 22:36:06 Terminating DXGame Engine Session
07-10-2005 22:36:06 Session: End
--------------------------------------
07-10-2005 22:36:16 DXGame Engine V1.7.4
07-10-2005 22:36:16 Session: Start
07-10-2005 22:36:16 Initializing Windowed Mode: 800x600
07-10-2005 22:36:16 D3DCREATE_HARDWARE_VERTEXPROCESSING: Enabled
07-10-2005 22:36:16 D3DCREATE_PUREDEVICE: Enabled
07-10-2005 22:36:16 Initializing Direct Sound
07-10-2005 22:36:16 Initializing Direct Music
07-10-2005 22:36:16 Initializing Direct Input
07-10-2005 22:36:30 Terminating DXGame Engine Session
07-10-2005 22:36:30 Session: End
--------------------------------------
07-10-2005 22:37:02 DXGame Engine V1.7.4
07-10-2005 22:37:02 Session: Start
07-10-2005 22:37:02 Initializing Windowed Mode: 800x600
07-10-2005 22:37:02 D3DCREATE_HARDWARE_VERTEXPROCESSING: Enabled
07-10-2005 22:37:02 D3DCREATE_PUREDEVICE: Enabled
07-10-2005 22:37:02 Initializing Direct Sound
07-10-2005 22:37:03 Initializing Direct Music
07-10-2005 22:37:03 Initializing Direct Input
07-10-2005 22:37:14 Terminating DXGame Engine Session
07-10-2005 22:37:14 Session: End
--------------------------------------
07-10-2005 22:37:30 DXGame Engine V1.7.4
07-10-2005 22:37:30 Session: Start
07-10-2005 22:37:30 Initializing Windowed Mode: 800x600
07-10-2005 22:37:30 D3DCREATE_HARDWARE_VERTEXPROCESSING: Enabled
07-10-2005 22:37:30 D3DCREATE_PUREDEVICE: Enabled
07-10-2005 22:37:30 Initializing Direct Sound
07-10-2005 22:37:30 Initializing Direct Music
07-10-2005 22:37:30 Initializing Direct Input
07-10-2005 22:37:45 Terminating DXGame Engine Session
07-10-2005 22:37:45 Session: End
--------------------------------------
07-10-2005 22:38:58 DXGame Engine V1.7.4
07-10-2005 22:38:58 Session: Start
07-10-2005 22:38:58 Initializing Windowed Mode: 800x600
07-10-2005 22:38:58 D3DCREATE_HARDWARE_VERTEXPROCESSING: Enabled
07-10-2005 22:38:58 D3DCREATE_PUREDEVICE: Enabled
07-10-2005 22:38:58 Initializing Direct Sound
07-10-2005 22:38:58 Initializing Direct Music
07-10-2005 22:38:58 Initializing Direct Input
07-10-2005 22:39:22 Terminating DXGame Engine Session
07-10-2005 22:39:22 Session: End
--------------------------------------
07-10-2005 22:43:45 DXGame Engine V1.7.4
07-10-2005 22:43:45 Session: Start
07-10-2005 22:43:45 Initializing Windowed Mode: 800x600
07-10-2005 22:43:45 D3DCREATE_HARDWARE_VERTEXPROCESSING: Enabled
07-10-2005 22:43:45 D3DCREATE_PUREDEVICE: Enabled
07-10-2005 22:43:46 Initializing Direct Sound
07-10-2005 22:43:46 Initializing Direct Music
07-10-2005 22:43:46 Initializing Direct Input
07-10-2005 22:43:55 Terminating DXGame Engine Session
07-10-2005 22:43:55 Session: End
--------------------------------------
07-10-2005 22:44:22 DXGame Engine V1.7.4
07-10-2005 22:44:22 Session: Start
07-10-2005 22:44:22 Initializing Windowed Mode: 800x600
07-10-2005 22:44:22 D3DCREATE_HARDWARE_VERTEXPROCESSING: Enabled
07-10-2005 22:44:22 D3DCREATE_PUREDEVICE: Enabled
07-10-2005 22:44:22 Initializing Direct Sound
07-10-2005 22:44:22 Initializing Direct Music
07-10-2005 22:44:22 Initializing Direct Input
07-10-2005 22:45:44 Terminating DXGame Engine Session
07-10-2005 22:45:44 Session: End
--------------------------------------
07-10-2005 22:51:48 DXGame Engine V1.7.4
07-10-2005 22:51:48 Session: Start
07-10-2005 22:51:48 Initializing Windowed Mode: 800x600
07-10-2005 22:51:48 D3DCREATE_HARDWARE_VERTEXPROCESSING: Enabled
07-10-2005 22:51:48 D3DCREATE_PUREDEVICE: Enabled
07-10-2005 22:51:48 Initializing Direct Sound
07-10-2005 22:51:49 Initializing Direct Music
07-10-2005 22:51:49 Initializing Direct Input
07-10-2005 22:52:28 Terminating DXGame Engine Session
07-10-2005 22:52:28 Session: End
--------------------------------------
07-10-2005 22:52:43 DXGame Engine V1.7.4
07-10-2005 22:52:43 Session: Start
07-10-2005 22:52:43 Initializing Windowed Mode: 800x600
07-10-2005 22:52:43 D3DCREATE_HARDWARE_VERTEXPROCESSING: Enabled
07-10-2005 22:52:43 D3DCREATE_PUREDEVICE: Enabled
07-10-2005 22:52:43 Initializing Direct Sound
07-10-2005 22:52:43 Initializing Direct Music
07-10-2005 22:52:43 Initializing Direct Input
07-10-2005 22:56:10 Terminating DXGame Engine Session
07-10-2005 22:56:10 Session: End
--------------------------------------
07-10-2005 22:56:24 DXGame Engine V1.7.4
07-10-2005 22:56:24 Session: Start
07-10-2005 22:56:24 Initializing Windowed Mode: 800x600
07-10-2005 22:56:24 D3DCREATE_HARDWARE_VERTEXPROCESSING: Enabled
07-10-2005 22:56:24 D3DCREATE_PUREDEVICE: Enabled
07-10-2005 22:56:25 Initializing Direct Sound
07-10-2005 22:56:25 Initializing Direct Music
07-10-2005 22:56:25 Initializing Direct Input
07-10-2005 22:57:23 Terminating DXGame Engine Session
07-10-2005 22:57:23 Session: End
--------------------------------------
07-10-2005 22:59:10 DXGame Engine V1.7.4
07-10-2005 22:59:10 Session: Start
07-10-2005 22:59:10 Initializing Windowed Mode: 800x600
07-10-2005 22:59:10 D3DCREATE_HARDWARE_VERTEXPROCESSING: Enabled
07-10-2005 22:59:10 D3DCREATE_PUREDEVICE: Enabled
07-10-2005 22:59:10 Initializing Direct Sound
07-10-2005 22:59:10 Initializing Direct Music
07-10-2005 22:59:10 Initializing Direct Input
07-10-2005 22:59:17 Terminating DXGame Engine Session
07-10-2005 22:59:17 Session: End
--------------------------------------
07-10-2005 22:59:47 DXGame Engine V1.7.4
07-10-2005 22:59:47 Session: Start
07-10-2005 22:59:47 Initializing Windowed Mode: 800x600
07-10-2005 22:59:47 D3DCREATE_HARDWARE_VERTEXPROCESSING: Enabled
07-10-2005 22:59:47 D3DCREATE_PUREDEVICE: Enabled
07-10-2005 22:59:47 Initializing Direct Sound
07-10-2005 22:59:47 Initializing Direct Music
07-10-2005 22:59:47 Initializing Direct Input
07-10-2005 23:02:10 Terminating DXGame Engine Session
07-10-2005 23:02:10 Session: End
--------------------------------------
07-10-2005 23:03:30 DXGame Engine V1.7.4
07-10-2005 23:03:30 Session: Start
07-10-2005 23:03:30 Initializing Windowed Mode: 800x600
07-10-2005 23:03:30 D3DCREATE_HARDWARE_VERTEXPROCESSING: Enabled
07-10-2005 23:03:30 D3DCREATE_PUREDEVICE: Enabled
07-10-2005 23:03:30 Initializing Direct Sound
07-10-2005 23:03:30 Initializing Direct Music
07-10-2005 23:03:30 Initializing Direct Input
07-10-2005 23:05:19 Terminating DXGame Engine Session
07-10-2005 23:05:19 Session: End
--------------------------------------
07-10-2005 23:05:35 DXGame Engine V1.7.4
07-10-2005 23:05:35 Session: Start
07-10-2005 23:05:35 Initializing Windowed Mode: 800x600
07-10-2005 23:05:35 D3DCREATE_HARDWARE_VERTEXPROCESSING: Enabled
07-10-2005 23:05:35 D3DCREATE_PUREDEVICE: Enabled
07-10-2005 23:05:35 Initializing Direct Sound
07-10-2005 23:05:35 Initializing Direct Music
07-10-2005 23:05:35 Initializing Direct Input
07-10-2005 23:06:30 Terminating DXGame Engine Session
07-10-2005 23:06:30 Session: End
--------------------------------------
07-10-2005 23:07:09 DXGame Engine V1.7.4
07-10-2005 23:07:09 Session: Start
07-10-2005 23:07:09 Initializing Windowed Mode: 800x600
07-10-2005 23:07:09 D3DCREATE_HARDWARE_VERTEXPROCESSING: Enabled
07-10-2005 23:07:09 D3DCREATE_PUREDEVICE: Enabled
07-10-2005 23:07:09 Initializing Direct Sound
07-10-2005 23:07:09 Initializing Direct Music
07-10-2005 23:07:09 Initializing Direct Input
07-10-2005 23:09:18 Terminating DXGame Engine Session
07-10-2005 23:09:18 Session: End
--------------------------------------
07-10-2005 23:10:07 DXGame Engine V1.7.4
07-10-2005 23:10:07 Session: Start
07-10-2005 23:10:07 Initializing Windowed Mode: 800x600
07-10-2005 23:10:07 D3DCREATE_HARDWARE_VERTEXPROCESSING: Enabled
07-10-2005 23:10:07 D3DCREATE_PUREDEVICE: Enabled
07-10-2005 23:10:07 Initializing Direct Sound
07-10-2005 23:10:07 Initializing Direct Music
07-10-2005 23:10:07 Initializing Direct Input
07-10-2005 23:10:11 Terminating DXGame Engine Session
07-10-2005 23:10:11 Session: End
--------------------------------------
07-10-2005 23:10:29 DXGame Engine V1.7.4
07-10-2005 23:10:29 Session: Start
07-10-2005 23:10:29 Initializing Windowed Mode: 800x600
07-10-2005 23:10:29 D3DCREATE_HARDWARE_VERTEXPROCESSING: Enabled
07-10-2005 23:10:29 D3DCREATE_PUREDEVICE: Enabled
07-10-2005 23:10:29 Initializing Direct Sound
07-10-2005 23:10:30 Initializing Direct Music
07-10-2005 23:10:30 Initializing Direct Input
07-10-2005 23:10:35 Terminating DXGame Engine Session
07-10-2005 23:10:35 Session: End
--------------------------------------
07-10-2005 23:10:57 DXGame Engine V1.7.4
07-10-2005 23:10:57 Session: Start
07-10-2005 23:10:57 Initializing Windowed Mode: 800x600
07-10-2005 23:10:57 D3DCREATE_HARDWARE_VERTEXPROCESSING: Enabled
07-10-2005 23:10:57 D3DCREATE_PUREDEVICE: Enabled
07-10-2005 23:10:57 Initializing Direct Sound
07-10-2005 23:10:57 Initializing Direct Music
07-10-2005 23:10:57 Initializing Direct Input
07-10-2005 23:11:17 Terminating DXGame Engine Session
07-10-2005 23:11:17 Session: End
--------------------------------------
07-10-2005 23:12:00 DXGame Engine V1.7.4
07-10-2005 23:12:00 Session: Start
07-10-2005 23:12:00 Initializing Windowed Mode: 800x600
07-10-2005 23:12:00 D3DCREATE_HARDWARE_VERTEXPROCESSING: Enabled
07-10-2005 23:12:00 D3DCREATE_PUREDEVICE: Enabled
07-10-2005 23:12:00 Initializing Direct Sound
07-10-2005 23:12:00 Initializing Direct Music
07-10-2005 23:12:00 Initializing Direct Input
07-10-2005 23:13:34 Terminating DXGame Engine Session
07-10-2005 23:13:34 Session: End
--------------------------------------
07-10-2005 23:18:53 DXGame Engine V1.7.4
07-10-2005 23:18:53 Session: Start
07-10-2005 23:18:53 Initializing Windowed Mode: 800x600
07-10-2005 23:18:53 D3DCREATE_HARDWARE_VERTEXPROCESSING: Enabled
07-10-2005 23:18:53 D3DCREATE_PUREDEVICE: Enabled
07-10-2005 23:18:53 Initializing Direct Sound
07-10-2005 23:18:53 Initializing Direct Music
07-10-2005 23:18:53 Initializing Direct Input
07-10-2005 23:19:21 Terminating DXGame Engine Session
07-10-2005 23:19:21 Session: End
--------------------------------------
07-10-2005 23:20:11 DXGame Engine V1.7.4
07-10-2005 23:20:11 Session: Start
07-10-2005 23:20:11 Initializing Windowed Mode: 800x600
07-10-2005 23:20:11 D3DCREATE_HARDWARE_VERTEXPROCESSING: Enabled
07-10-2005 23:20:11 D3DCREATE_PUREDEVICE: Enabled
07-10-2005 23:20:11 Initializing Direct Sound
07-10-2005 23:20:11 Initializing Direct Music
07-10-2005 23:20:11 Initializing Direct Input
07-10-2005 23:20:28 Terminating DXGame Engine Session
07-10-2005 23:20:28 Session: End
--------------------------------------
07-10-2005 23:20:34 DXGame Engine V1.7.4
07-10-2005 23:20:34 Session: Start
07-10-2005 23:20:34 Initializing Windowed Mode: 800x600
07-10-2005 23:20:34 D3DCREATE_HARDWARE_VERTEXPROCESSING: Enabled
07-10-2005 23:20:34 D3DCREATE_PUREDEVICE: Enabled
07-10-2005 23:20:34 Initializing Direct Sound
07-10-2005 23:20:34 Initializing Direct Music
07-10-2005 23:20:34 Initializing Direct Input
07-10-2005 23:21:21 Terminating DXGame Engine Session
07-10-2005 23:21:21 Session: End
--------------------------------------
07-10-2005 23:21:44 DXGame Engine V1.7.4
07-10-2005 23:21:44 Session: Start
07-10-2005 23:21:44 Initializing Windowed Mode: 800x600
07-10-2005 23:21:44 D3DCREATE_HARDWARE_VERTEXPROCESSING: Enabled
07-10-2005 23:21:44 D3DCREATE_PUREDEVICE: Enabled
07-10-2005 23:21:44 Initializing Direct Sound
07-10-2005 23:21:44 Initializing Direct Music
07-10-2005 23:21:44 Initializing Direct Input
07-10-2005 23:21:54 Terminating DXGame Engine Session
07-10-2005 23:21:54 Session: End
--------------------------------------
07-10-2005 23:22:02 DXGame Engine V1.7.4
07-10-2005 23:22:02 Session: Start
07-10-2005 23:22:02 Initializing Windowed Mode: 800x600
07-10-2005 23:22:02 D3DCREATE_HARDWARE_VERTEXPROCESSING: Enabled
07-10-2005 23:22:02 D3DCREATE_PUREDEVICE: Enabled
07-10-2005 23:22:02 Initializing Direct Sound
07-10-2005 23:22:02 Initializing Direct Music
07-10-2005 23:22:02 Initializing Direct Input
07-10-2005 23:23:13 Terminating DXGame Engine Session
07-10-2005 23:23:13 Session: End
--------------------------------------
07-10-2005 23:23:18 DXGame Engine V1.7.4
07-10-2005 23:23:18 Session: Start
07-10-2005 23:23:18 Initializing Windowed Mode: 800x600
07-10-2005 23:23:18 D3DCREATE_HARDWARE_VERTEXPROCESSING: Enabled
07-10-2005 23:23:18 D3DCREATE_PUREDEVICE: Enabled
07-10-2005 23:23:18 Initializing Direct Sound
07-10-2005 23:23:18 Initializing Direct Music
07-10-2005 23:23:18 Initializing Direct Input
07-10-2005 23:23:50 Terminating DXGame Engine Session
07-10-2005 23:23:50 Session: End
--------------------------------------
07-10-2005 23:36:19 DXGame Engine V1.7.4
07-10-2005 23:36:19 Session: Start
07-10-2005 23:36:19 Initializing Windowed Mode: 800x600
07-10-2005 23:36:19 D3DCREATE_HARDWARE_VERTEXPROCESSING: Enabled
07-10-2005 23:36:19 D3DCREATE_PUREDEVICE: Enabled
07-10-2005 23:36:19 Initializing Direct Sound
07-10-2005 23:36:19 Initializing Direct Music
07-10-2005 23:36:19 Initializing Direct Input
--------------------------------------
07-10-2005 23:37:57 DXGame Engine V1.7.4
07-10-2005 23:37:57 Session: Start
07-10-2005 23:37:57 Initializing Windowed Mode: 800x600
07-10-2005 23:37:57 D3DCREATE_HARDWARE_VERTEXPROCESSING: Enabled
07-10-2005 23:37:57 D3DCREATE_PUREDEVICE: Enabled
07-10-2005 23:37:57 Initializing Direct Sound
07-10-2005 23:37:57 Initializing Direct Music
07-10-2005 23:37:57 Initializing Direct Input
--------------------------------------
07-10-2005 23:38:44 DXGame Engine V1.7.4
07-10-2005 23:38:44 Session: Start
07-10-2005 23:38:44 Initializing Windowed Mode: 800x600
07-10-2005 23:38:44 D3DCREATE_HARDWARE_VERTEXPROCESSING: Enabled
07-10-2005 23:38:44 D3DCREATE_PUREDEVICE: Enabled
07-10-2005 23:38:44 Initializing Direct Sound
07-10-2005 23:38:44 Initializing Direct Music
07-10-2005 23:38:44 Initializing Direct Input
--------------------------------------
07-10-2005 23:40:24 DXGame Engine V1.7.4
07-10-2005 23:40:24 Session: Start
07-10-2005 23:40:24 Initializing Windowed Mode: 800x600
07-10-2005 23:40:24 D3DCREATE_HARDWARE_VERTEXPROCESSING: Enabled
07-10-2005 23:40:24 D3DCREATE_PUREDEVICE: Enabled
07-10-2005 23:40:24 Initializing Direct Sound
07-10-2005 23:40:24 Initializing Direct Music
07-10-2005 23:40:24 Initializing Direct Input
--------------------------------------
07-10-2005 23:52:15 DXGame Engine V1.7.4
07-10-2005 23:52:15 Session: Start
07-10-2005 23:52:15 Initializing Windowed Mode: 800x600
07-10-2005 23:52:15 D3DCREATE_HARDWARE_VERTEXPROCESSING: Enabled
07-10-2005 23:52:15 D3DCREATE_PUREDEVICE: Enabled
07-10-2005 23:52:15 Initializing Direct Sound
07-10-2005 23:52:15 Initializing Direct Music
07-10-2005 23:52:15 Initializing Direct Input
--------------------------------------
07-10-2005 23:52:16 Error. (Animate.Add)
07-10-2005 23:52:16 Passed frame total does not match string parameter Length.
--------------------------------------
07-10-2005 23:53:31 DXGame Engine V1.7.4
07-10-2005 23:53:31 Session: Start
07-10-2005 23:53:31 Initializing Windowed Mode: 800x600
07-10-2005 23:53:31 D3DCREATE_HARDWARE_VERTEXPROCESSING: Enabled
07-10-2005 23:53:31 D3DCREATE_PUREDEVICE: Enabled
07-10-2005 23:53:31 Initializing Direct Sound
07-10-2005 23:53:31 Initializing Direct Music
07-10-2005 23:53:31 Initializing Direct Input
--------------------------------------
07-10-2005 23:53:32 Error. (Animate.Add)
07-10-2005 23:53:32 Passed frame total does not match string parameter Length.
--------------------------------------
07-10-2005 23:54:11 DXGame Engine V1.7.4
07-10-2005 23:54:11 Session: Start
07-10-2005 23:54:12 Initializing Windowed Mode: 800x600
07-10-2005 23:54:12 D3DCREATE_HARDWARE_VERTEXPROCESSING: Enabled
07-10-2005 23:54:12 D3DCREATE_PUREDEVICE: Enabled
07-10-2005 23:54:12 Initializing Direct Sound
07-10-2005 23:54:12 Initializing Direct Music
07-10-2005 23:54:12 Initializing Direct Input
--------------------------------------
07-10-2005 23:54:13 Error. (Animate.Add)
07-10-2005 23:54:13 Passed frame total does not match string parameter Length.
07-10-2005 23:54:51 Terminating DXGame Engine Session
07-10-2005 23:54:51 Session: End
--------------------------------------
07-10-2005 23:54:58 DXGame Engine V1.7.4
07-10-2005 23:54:58 Session: Start
07-10-2005 23:54:58 Initializing Windowed Mode: 800x600
07-10-2005 23:54:58 D3DCREATE_HARDWARE_VERTEXPROCESSING: Enabled
07-10-2005 23:54:58 D3DCREATE_PUREDEVICE: Enabled
07-10-2005 23:54:58 Initializing Direct Sound
07-10-2005 23:54:58 Initializing Direct Music
07-10-2005 23:54:58 Initializing Direct Input
--------------------------------------
07-10-2005 23:55:09 Error. (Animate.Add)
07-10-2005 23:55:09 Passed frame total does not match string parameter Length.
07-10-2005 23:55:38 Terminating DXGame Engine Session
07-10-2005 23:55:38 Session: End
--------------------------------------
07-10-2005 23:59:18 DXGame Engine V1.7.4
07-10-2005 23:59:18 Session: Start
07-10-2005 23:59:18 Initializing Windowed Mode: 800x600
07-10-2005 23:59:18 D3DCREATE_HARDWARE_VERTEXPROCESSING: Enabled
07-10-2005 23:59:18 D3DCREATE_PUREDEVICE: Enabled
07-10-2005 23:59:18 Initializing Direct Sound
07-10-2005 23:59:18 Initializing Direct Music
07-10-2005 23:59:18 Initializing Direct Input
--------------------------------------
07-10-2005 23:59:19 Error. (Animate.Add)
07-10-2005 23:59:19 Passed frame total does not match string parameter Length.
07-10-2005 23:59:24 Terminating DXGame Engine Session
07-10-2005 23:59:24 Session: End
--------------------------------------
07-11-2005 00:00:47 DXGame Engine V1.7.4
07-11-2005 00:00:47 Session: Start
07-11-2005 00:00:47 Initializing Windowed Mode: 800x600
07-11-2005 00:00:47 D3DCREATE_HARDWARE_VERTEXPROCESSING: Enabled
07-11-2005 00:00:47 D3DCREATE_PUREDEVICE: Enabled
07-11-2005 00:00:47 Initializing Direct Sound
07-11-2005 00:00:47 Initializing Direct Music
07-11-2005 00:00:47 Initializing Direct Input
--------------------------------------
07-11-2005 00:00:57 Error. (Animate.Add)
07-11-2005 00:00:57 Passed frame total does not match string parameter Length.
07-11-2005 00:01:03 Terminating DXGame Engine Session
07-11-2005 00:01:03 Session: End
--------------------------------------
07-11-2005 19:05:57 DXGame Engine V1.7.4
07-11-2005 19:05:57 Session: Start
07-11-2005 19:05:57 Initializing Windowed Mode: 800x600
07-11-2005 19:05:57 D3DCREATE_HARDWARE_VERTEXPROCESSING: Enabled
07-11-2005 19:05:57 D3DCREATE_PUREDEVICE: Enabled
07-11-2005 19:05:57 Initializing Direct Sound
07-11-2005 19:05:57 Initializing Direct Music
07-11-2005 19:05:57 Initializing Direct Input
--------------------------------------
07-11-2005 19:06:08 Error. (Animate.Add)
07-11-2005 19:06:08 Passed frame total does not match string parameter Length.
--------------------------------------
07-11-2005 21:55:40 DXGame Engine V1.7.4
07-11-2005 21:55:40 Session: Start
07-11-2005 21:55:40 Initializing Windowed Mode: 800x600
07-11-2005 21:55:40 D3DCREATE_HARDWARE_VERTEXPROCESSING: Enabled
07-11-2005 21:55:40 D3DCREATE_PUREDEVICE: Enabled
07-11-2005 21:55:40 Initializing Direct Sound
07-11-2005 21:55:40 Initializing Direct Music
07-11-2005 21:55:40 Initializing Direct Input
--------------------------------------
07-11-2005 21:55:41 Error. (Animate.Add)
07-11-2005 21:55:41 Passed frame total does not match string parameter Length.
--------------------------------------
07-11-2005 21:57:56 DXGame Engine V1.7.4
07-11-2005 21:57:56 Session: Start
07-11-2005 21:57:56 Initializing Windowed Mode: 800x600
07-11-2005 21:57:56 D3DCREATE_HARDWARE_VERTEXPROCESSING: Enabled
07-11-2005 21:57:56 D3DCREATE_PUREDEVICE: Enabled
07-11-2005 21:57:56 Initializing Direct Sound
07-11-2005 21:57:56 Initializing Direct Music
07-11-2005 21:57:56 Initializing Direct Input
07-11-2005 21:58:19 Terminating DXGame Engine Session
07-11-2005 21:58:19 Session: End
--------------------------------------
07-11-2005 21:58:50 DXGame Engine V1.7.4
07-11-2005 21:58:50 Session: Start
07-11-2005 21:58:50 Initializing Windowed Mode: 800x600
07-11-2005 21:58:50 D3DCREATE_HARDWARE_VERTEXPROCESSING: Enabled
07-11-2005 21:58:50 D3DCREATE_PUREDEVICE: Enabled
07-11-2005 21:58:50 Initializing Direct Sound
07-11-2005 21:58:51 Initializing Direct Music
07-11-2005 21:58:51 Initializing Direct Input
07-11-2005 21:59:17 Terminating DXGame Engine Session
07-11-2005 21:59:17 Session: End
--------------------------------------
07-11-2005 21:59:38 DXGame Engine V1.7.4
07-11-2005 21:59:38 Session: Start
07-11-2005 21:59:38 Initializing Windowed Mode: 800x600
07-11-2005 21:59:38 D3DCREATE_HARDWARE_VERTEXPROCESSING: Enabled
07-11-2005 21:59:38 D3DCREATE_PUREDEVICE: Enabled
07-11-2005 21:59:38 Initializing Direct Sound
07-11-2005 21:59:38 Initializing Direct Music
07-11-2005 21:59:38 Initializing Direct Input
07-11-2005 22:00:38 Terminating DXGame Engine Session
07-11-2005 22:00:38 Session: End
--------------------------------------
07-11-2005 22:04:06 DXGame Engine V1.7.4
07-11-2005 22:04:06 Session: Start
07-11-2005 22:04:06 Initializing Windowed Mode: 800x600
07-11-2005 22:04:06 D3DCREATE_HARDWARE_VERTEXPROCESSING: Enabled
07-11-2005 22:04:06 D3DCREATE_PUREDEVICE: Enabled
07-11-2005 22:04:06 Initializing Direct Sound
07-11-2005 22:04:06 Initializing Direct Music
07-11-2005 22:04:06 Initializing Direct Input
07-11-2005 22:04:14 Terminating DXGame Engine Session
07-11-2005 22:04:14 Session: End
--------------------------------------
07-11-2005 22:05:26 DXGame Engine V1.7.4
07-11-2005 22:05:26 Session: Start
07-11-2005 22:05:26 Initializing Windowed Mode: 800x600
07-11-2005 22:05:26 D3DCREATE_HARDWARE_VERTEXPROCESSING: Enabled
07-11-2005 22:05:26 D3DCREATE_PUREDEVICE: Enabled
07-11-2005 22:05:26 Initializing Direct Sound
07-11-2005 22:05:26 Initializing Direct Music
07-11-2005 22:05:26 Initializing Direct Input
07-11-2005 22:05:35 Terminating DXGame Engine Session
07-11-2005 22:05:35 Session: End
--------------------------------------
07-11-2005 22:07:28 DXGame Engine V1.7.4
07-11-2005 22:07:28 Session: Start
07-11-2005 22:07:28 Initializing Windowed Mode: 800x600
07-11-2005 22:07:28 D3DCREATE_HARDWARE_VERTEXPROCESSING: Enabled
07-11-2005 22:07:28 D3DCREATE_PUREDEVICE: Enabled
07-11-2005 22:07:28 Initializing Direct Sound
07-11-2005 22:07:29 Initializing Direct Music
07-11-2005 22:07:29 Initializing Direct Input
07-11-2005 22:07:49 Terminating DXGame Engine Session
07-11-2005 22:07:49 Session: End
--------------------------------------
07-11-2005 22:09:24 DXGame Engine V1.7.4
07-11-2005 22:09:24 Session: Start
07-11-2005 22:09:24 Initializing Windowed Mode: 800x600
07-11-2005 22:09:24 D3DCREATE_HARDWARE_VERTEXPROCESSING: Enabled
07-11-2005 22:09:24 D3DCREATE_PUREDEVICE: Enabled
07-11-2005 22:09:24 Initializing Direct Sound
07-11-2005 22:09:25 Initializing Direct Music
07-11-2005 22:09:25 Initializing Direct Input
07-11-2005 22:09:37 Terminating DXGame Engine Session
07-11-2005 22:09:37 Session: End
--------------------------------------
07-11-2005 22:12:27 DXGame Engine V1.7.4
07-11-2005 22:12:27 Session: Start
07-11-2005 22:12:27 Initializing Windowed Mode: 800x600
07-11-2005 22:12:27 D3DCREATE_HARDWARE_VERTEXPROCESSING: Enabled
07-11-2005 22:12:27 D3DCREATE_PUREDEVICE: Enabled
07-11-2005 22:12:27 Initializing Direct Sound
07-11-2005 22:12:27 Initializing Direct Music
07-11-2005 22:12:27 Initializing Direct Input
07-11-2005 22:12:33 Terminating DXGame Engine Session
07-11-2005 22:12:33 Session: End
--------------------------------------
07-11-2005 22:12:50 DXGame Engine V1.7.4
07-11-2005 22:12:50 Session: Start
07-11-2005 22:12:50 Initializing Windowed Mode: 800x600
07-11-2005 22:12:50 D3DCREATE_HARDWARE_VERTEXPROCESSING: Enabled
07-11-2005 22:12:50 D3DCREATE_PUREDEVICE: Enabled
07-11-2005 22:12:50 Initializing Direct Sound
07-11-2005 22:12:50 Initializing Direct Music
07-11-2005 22:12:50 Initializing Direct Input
07-11-2005 22:12:59 Terminating DXGame Engine Session
07-11-2005 22:12:59 Session: End
--------------------------------------
07-11-2005 22:13:41 DXGame Engine V1.7.4
07-11-2005 22:13:41 Session: Start
07-11-2005 22:13:41 Initializing Windowed Mode: 800x600
07-11-2005 22:13:41 D3DCREATE_HARDWARE_VERTEXPROCESSING: Enabled
07-11-2005 22:13:41 D3DCREATE_PUREDEVICE: Enabled
07-11-2005 22:13:41 Initializing Direct Sound
07-11-2005 22:13:41 Initializing Direct Music
07-11-2005 22:13:41 Initializing Direct Input
07-11-2005 22:13:44 Terminating DXGame Engine Session
07-11-2005 22:13:44 Session: End
--------------------------------------
07-11-2005 22:13:56 DXGame Engine V1.7.4
07-11-2005 22:13:56 Session: Start
07-11-2005 22:13:56 Initializing Windowed Mode: 800x600
07-11-2005 22:13:56 D3DCREATE_HARDWARE_VERTEXPROCESSING: Enabled
07-11-2005 22:13:56 D3DCREATE_PUREDEVICE: Enabled
07-11-2005 22:13:56 Initializing Direct Sound
07-11-2005 22:13:56 Initializing Direct Music
07-11-2005 22:13:56 Initializing Direct Input
07-11-2005 22:14:30 Terminating DXGame Engine Session
07-11-2005 22:14:30 Session: End
--------------------------------------
07-11-2005 22:15:31 DXGame Engine V1.7.4
07-11-2005 22:15:31 Session: Start
07-11-2005 22:15:31 Initializing Windowed Mode: 800x600
07-11-2005 22:15:31 D3DCREATE_HARDWARE_VERTEXPROCESSING: Enabled
07-11-2005 22:15:31 D3DCREATE_PUREDEVICE: Enabled
07-11-2005 22:15:31 Initializing Direct Sound
07-11-2005 22:15:31 Initializing Direct Music
07-11-2005 22:15:31 Initializing Direct Input
07-11-2005 22:16:05 Terminating DXGame Engine Session
07-11-2005 22:16:05 Session: End
--------------------------------------
07-11-2005 22:16:42 DXGame Engine V1.7.4
07-11-2005 22:16:42 Session: Start
07-11-2005 22:16:42 Initializing Windowed Mode: 800x600
07-11-2005 22:16:42 D3DCREATE_HARDWARE_VERTEXPROCESSING: Enabled
07-11-2005 22:16:42 D3DCREATE_PUREDEVICE: Enabled
07-11-2005 22:16:42 Initializing Direct Sound
07-11-2005 22:16:42 Initializing Direct Music
07-11-2005 22:16:42 Initializing Direct Input
07-11-2005 22:17:16 Terminating DXGame Engine Session
07-11-2005 22:17:16 Session: End
--------------------------------------
07-12-2005 21:27:16 DXGame Engine V1.7.4
07-12-2005 21:27:16 Session: Start
07-12-2005 21:27:16 Initializing Windowed Mode: 800x600
07-12-2005 21:27:16 D3DCREATE_HARDWARE_VERTEXPROCESSING: Enabled
07-12-2005 21:27:16 D3DCREATE_PUREDEVICE: Enabled
07-12-2005 21:27:16 Initializing Direct Sound
07-12-2005 21:27:16 Initializing Direct Music
07-12-2005 21:27:16 Initializing Direct Input
07-12-2005 21:29:25 Terminating DXGame Engine Session
07-12-2005 21:29:26 Session: End
--------------------------------------
09-01-2005 17:27:41 DXGame Engine V1.9.21
09-01-2005 17:27:41 Session: Start
09-01-2005 17:27:41 Initializing Windowed Mode: 800x600
09-01-2005 17:27:41 D3DCREATE_HARDWARE_VERTEXPROCESSING: Enabled
09-01-2005 17:27:41 D3DCREATE_PUREDEVICE: Enabled
09-01-2005 17:27:41 Initializing Direct Sound
09-01-2005 17:27:41 Initializing Direct Music
09-01-2005 17:27:41 Initializing Direct Input
09-01-2005 17:28:10 Terminating DXGame Engine Session
09-01-2005 17:28:10 Session: End
--------------------------------------
09-01-2005 17:28:23 DXGame Engine V1.9.21
09-01-2005 17:28:23 Session: Start
09-01-2005 17:28:23 Initializing Windowed Mode: 800x600
09-01-2005 17:28:23 D3DCREATE_HARDWARE_VERTEXPROCESSING: Enabled
09-01-2005 17:28:23 D3DCREATE_PUREDEVICE: Enabled
09-01-2005 17:28:23 Initializing Direct Sound
09-01-2005 17:28:23 Initializing Direct Music
09-01-2005 17:28:23 Initializing Direct Input
09-01-2005 17:28:55 Terminating DXGame Engine Session
09-01-2005 17:28:55 Session: End
--------------------------------------
09-01-2005 17:29:08 DXGame Engine V1.9.21
09-01-2005 17:29:08 Session: Start
09-01-2005 17:29:08 Initializing Screen: 800x600 16 bit color depth
09-01-2005 17:29:08 D3DCREATE_HARDWARE_VERTEXPROCESSING: Enabled
09-01-2005 17:29:08 D3DCREATE_PUREDEVICE: Enabled
09-01-2005 17:29:09 Initializing Direct Sound
09-01-2005 17:29:09 Initializing Direct Music
09-01-2005 17:29:09 Initializing Direct Input
09-01-2005 17:30:20 Terminating DXGame Engine Session
09-01-2005 17:30:20 Session: End
--------------------------------------
09-01-2005 17:33:51 DXGame Engine V1.9.21
09-01-2005 17:33:51 Session: Start
09-01-2005 17:33:51 Initializing Screen: 800x600 16 bit color depth
09-01-2005 17:33:51 D3DCREATE_HARDWARE_VERTEXPROCESSING: Enabled
09-01-2005 17:33:51 D3DCREATE_PUREDEVICE: Enabled
09-01-2005 17:33:51 Initializing Direct Sound
09-01-2005 17:33:51 Initializing Direct Music
09-01-2005 17:33:51 Initializing Direct Input
09-01-2005 17:34:30 Terminating DXGame Engine Session
09-01-2005 17:34:30 Session: End
--------------------------------------
09-01-2005 17:40:29 DXGame Engine V1.9.21
09-01-2005 17:40:29 Session: Start
09-01-2005 17:40:29 Initializing Screen: 800x600 16 bit color depth
09-01-2005 17:40:29 D3DCREATE_HARDWARE_VERTEXPROCESSING: Enabled
09-01-2005 17:40:29 D3DCREATE_PUREDEVICE: Enabled
09-01-2005 17:40:30 Initializing Direct Sound
09-01-2005 17:40:30 Initializing Direct Music
09-01-2005 17:40:30 Initializing Direct Input
09-01-2005 17:41:16 Terminating DXGame Engine Session
09-01-2005 17:41:16 Session: End
--------------------------------------
09-01-2005 18:14:55 DXGame Engine V1.9.21
09-01-2005 18:14:55 Session: Start
09-01-2005 18:14:55 Initializing Screen: 800x600 16 bit color depth
09-01-2005 18:14:55 D3DCREATE_HARDWARE_VERTEXPROCESSING: Enabled
09-01-2005 18:14:55 D3DCREATE_PUREDEVICE: Enabled
09-01-2005 18:14:56 Initializing Direct Sound
09-01-2005 18:14:56 Initializing Direct Music
09-01-2005 18:14:56 Initializing Direct Input
09-01-2005 18:16:37 Terminating DXGame Engine Session
09-01-2005 18:16:38 Session: End
--------------------------------------
09-01-2005 18:21:05 DXGame Engine V1.9.21
09-01-2005 18:21:05 Session: Start
09-01-2005 18:21:05 Initializing Screen: 800x600 16 bit color depth
09-01-2005 18:21:05 D3DCREATE_HARDWARE_VERTEXPROCESSING: Enabled
09-01-2005 18:21:05 D3DCREATE_PUREDEVICE: Enabled
09-01-2005 18:21:06 Initializing Direct Sound
09-01-2005 18:21:06 Initializing Direct Music
09-01-2005 18:21:06 Initializing Direct Input
09-01-2005 18:21:19 Terminating DXGame Engine Session
09-01-2005 18:21:19 Session: End
--------------------------------------
09-01-2005 18:22:24 DXGame Engine V1.9.21
09-01-2005 18:22:24 Session: Start
09-01-2005 18:22:24 Initializing Screen: 800x600 16 bit color depth
09-01-2005 18:22:24 D3DCREATE_HARDWARE_VERTEXPROCESSING: Enabled
09-01-2005 18:22:24 D3DCREATE_PUREDEVICE: Enabled
09-01-2005 18:22:25 Initializing Direct Sound
09-01-2005 18:22:25 Initializing Direct Music
09-01-2005 18:22:25 Initializing Direct Input
09-01-2005 18:24:26 Terminating DXGame Engine Session
09-01-2005 18:24:26 Session: End
--------------------------------------
09-01-2005 18:25:29 DXGame Engine V1.9.21
09-01-2005 18:25:29 Session: Start
09-01-2005 18:25:29 Initializing Screen: 800x600 16 bit color depth
09-01-2005 18:25:29 D3DCREATE_HARDWARE_VERTEXPROCESSING: Enabled
09-01-2005 18:25:29 D3DCREATE_PUREDEVICE: Enabled
09-01-2005 18:25:30 Initializing Direct Sound
09-01-2005 18:25:30 Initializing Direct Music
09-01-2005 18:25:30 Initializing Direct Input
09-01-2005 18:26:04 Terminating DXGame Engine Session
09-01-2005 18:26:05 Session: End
